{
  "/Users/vladimirorlov/Desktop/react-rsschool/rs-react/src/components/Header/Header.tsx": {
    "path": "/Users/vladimirorlov/Desktop/react-rsschool/rs-react/src/components/Header/Header.tsx",
    "statementMap": {
      "0": {
        "start": {
          "line": 5,
          "column": 0
        },
        "end": {
          "line": 15,
          "column": 1
        }
      },
      "1": {
        "start": {
          "line": 6,
          "column": 2
        },
        "end": {
          "line": 8,
          "column": 3
        }
      },
      "2": {
        "start": {
          "line": 7,
          "column": 4
        },
        "end": {
          "line": 7,
          "column": 165
        }
      },
      "3": {
        "start": {
          "line": 9,
          "column": 2
        },
        "end": {
          "line": 9,
          "column": 39
        }
      },
      "4": {
        "start": {
          "line": 10,
          "column": 2
        },
        "end": {
          "line": 10,
          "column": 39
        }
      },
      "5": {
        "start": {
          "line": 11,
          "column": 2
        },
        "end": {
          "line": 13,
          "column": 4
        }
      },
      "6": {
        "start": {
          "line": 12,
          "column": 4
        },
        "end": {
          "line": 12,
          "column": 129
        }
      },
      "7": {
        "start": {
          "line": 14,
          "column": 2
        },
        "end": {
          "line": 14,
          "column": 75
        }
      },
      "8": {
        "start": {
          "line": 18,
          "column": 22
        },
        "end": {
          "line": 51,
          "column": 1
        }
      },
      "9": {
        "start": {
          "line": 22,
          "column": 6
        },
        "end": {
          "line": 22,
          "column": 11
        }
      },
      "10": {
        "start": {
          "line": 23,
          "column": 28
        },
        "end": {
          "line": 23,
          "column": 79
        }
      },
      "11": {
        "start": {
          "line": 24,
          "column": 29
        },
        "end": {
          "line": 24,
          "column": 81
        }
      },
      "12": {
        "start": {
          "line": 25,
          "column": 28
        },
        "end": {
          "line": 25,
          "column": 98
        }
      },
      "13": {
        "start": {
          "line": 26,
          "column": 2
        },
        "end": {
          "line": 50,
          "column": 11
        }
      },
      "14": {
        "start": {
          "line": 52,
          "column": 0
        },
        "end": {
          "line": 52,
          "column": 12
        }
      },
      "15": {
        "start": {
          "line": 54,
          "column": 0
        },
        "end": {
          "line": 54,
          "column": 27
        }
      },
      "16": {
        "start": {
          "line": 55,
          "column": 0
        },
        "end": {
          "line": 71,
          "column": 1
        }
      },
      "17": {
        "start": {
          "line": 56,
          "column": 2
        },
        "end": {
          "line": 56,
          "column": 39
        }
      },
      "18": {
        "start": {
          "line": 57,
          "column": 2
        },
        "end": {
          "line": 57,
          "column": 39
        }
      },
      "19": {
        "start": {
          "line": 58,
          "column": 2
        },
        "end": {
          "line": 70,
          "column": 5
        }
      },
      "20": {
        "start": {
          "line": 62,
          "column": 4
        },
        "end": {
          "line": 62,
          "column": 155
        }
      },
      "21": {
        "start": {
          "line": 63,
          "column": 4
        },
        "end": {
          "line": 69,
          "column": 7
        }
      },
      "22": {
        "start": {
          "line": 64,
          "column": 6
        },
        "end": {
          "line": 65,
          "column": 15
        }
      },
      "23": {
        "start": {
          "line": 65,
          "column": 8
        },
        "end": {
          "line": 65,
          "column": 15
        }
      },
      "24": {
        "start": {
          "line": 66,
          "column": 32
        },
        "end": {
          "line": 66,
          "column": 115
        }
      },
      "25": {
        "start": {
          "line": 67,
          "column": 6
        },
        "end": {
          "line": 68,
          "column": 54
        }
      },
      "26": {
        "start": {
          "line": 68,
          "column": 8
        },
        "end": {
          "line": 68,
          "column": 54
        }
      }
    },
    "fnMap": {
      "0": {
        "name": "(anonymous_0)",
        "decl": {
          "start": {
            "line": 11,
            "column": 24
          },
          "end": {
            "line": 11,
            "column": 25
          }
        },
        "loc": {
          "start": {
            "line": 11,
            "column": 38
          },
          "end": {
            "line": 13,
            "column": 3
          }
        },
        "line": 11
      },
      "1": {
        "name": "(anonymous_1)",
        "decl": {
          "start": {
            "line": 18,
            "column": 22
          },
          "end": {
            "line": 18,
            "column": 23
          }
        },
        "loc": {
          "start": {
            "line": 18,
            "column": 33
          },
          "end": {
            "line": 51,
            "column": 1
          }
        },
        "line": 18
      },
      "2": {
        "name": "(anonymous_2)",
        "decl": {
          "start": {
            "line": 61,
            "column": 9
          },
          "end": {
            "line": 61,
            "column": 10
          }
        },
        "loc": {
          "start": {
            "line": 61,
            "column": 29
          },
          "end": {
            "line": 70,
            "column": 3
          }
        },
        "line": 61
      },
      "3": {
        "name": "(anonymous_3)",
        "decl": {
          "start": {
            "line": 63,
            "column": 27
          },
          "end": {
            "line": 63,
            "column": 28
          }
        },
        "loc": {
          "start": {
            "line": 63,
            "column": 44
          },
          "end": {
            "line": 69,
            "column": 5
          }
        },
        "line": 63
      }
    },
    "branchMap": {
      "0": {
        "loc": {
          "start": {
            "line": 5,
            "column": 0
          },
          "end": {
            "line": 15,
            "column": 1
          }
        },
        "type": "if",
        "locations": [
          {
            "start": {
              "line": 5,
              "column": 0
            },
            "end": {
              "line": 15,
              "column": 1
            }
          },
          {
            "start": {},
            "end": {}
          }
        ],
        "line": 5
      },
      "1": {
        "loc": {
          "start": {
            "line": 6,
            "column": 2
          },
          "end": {
            "line": 8,
            "column": 3
          }
        },
        "type": "if",
        "locations": [
          {
            "start": {
              "line": 6,
              "column": 2
            },
            "end": {
              "line": 8,
              "column": 3
            }
          },
          {
            "start": {},
            "end": {}
          }
        ],
        "line": 6
      },
      "2": {
        "loc": {
          "start": {
            "line": 23,
            "column": 28
          },
          "end": {
            "line": 23,
            "column": 79
          }
        },
        "type": "cond-expr",
        "locations": [
          {
            "start": {
              "line": 23,
              "column": 43
            },
            "end": {
              "line": 23,
              "column": 63
            }
          },
          {
            "start": {
              "line": 23,
              "column": 66
            },
            "end": {
              "line": 23,
              "column": 79
            }
          }
        ],
        "line": 23
      },
      "3": {
        "loc": {
          "start": {
            "line": 24,
            "column": 29
          },
          "end": {
            "line": 24,
            "column": 81
          }
        },
        "type": "cond-expr",
        "locations": [
          {
            "start": {
              "line": 24,
              "column": 45
            },
            "end": {
              "line": 24,
              "column": 65
            }
          },
          {
            "start": {
              "line": 24,
              "column": 68
            },
            "end": {
              "line": 24,
              "column": 81
            }
          }
        ],
        "line": 24
      },
      "4": {
        "loc": {
          "start": {
            "line": 25,
            "column": 28
          },
          "end": {
            "line": 25,
            "column": 98
          }
        },
        "type": "cond-expr",
        "locations": [
          {
            "start": {
              "line": 25,
              "column": 62
            },
            "end": {
              "line": 25,
              "column": 82
            }
          },
          {
            "start": {
              "line": 25,
              "column": 85
            },
            "end": {
              "line": 25,
              "column": 98
            }
          }
        ],
        "line": 25
      },
      "5": {
        "loc": {
          "start": {
            "line": 25,
            "column": 28
          },
          "end": {
            "line": 25,
            "column": 59
          }
        },
        "type": "binary-expr",
        "locations": [
          {
            "start": {
              "line": 25,
              "column": 28
            },
            "end": {
              "line": 25,
              "column": 41
            }
          },
          {
            "start": {
              "line": 25,
              "column": 45
            },
            "end": {
              "line": 25,
              "column": 59
            }
          }
        ],
        "line": 25
      },
      "6": {
        "loc": {
          "start": {
            "line": 55,
            "column": 0
          },
          "end": {
            "line": 71,
            "column": 1
          }
        },
        "type": "if",
        "locations": [
          {
            "start": {
              "line": 55,
              "column": 0
            },
            "end": {
              "line": 71,
              "column": 1
            }
          },
          {
            "start": {},
            "end": {}
          }
        ],
        "line": 55
      },
      "7": {
        "loc": {
          "start": {
            "line": 64,
            "column": 6
          },
          "end": {
            "line": 65,
            "column": 15
          }
        },
        "type": "if",
        "locations": [
          {
            "start": {
              "line": 64,
              "column": 6
            },
            "end": {
              "line": 65,
              "column": 15
            }
          },
          {
            "start": {},
            "end": {}
          }
        ],
        "line": 64
      },
      "8": {
        "loc": {
          "start": {
            "line": 67,
            "column": 6
          },
          "end": {
            "line": 68,
            "column": 54
          }
        },
        "type": "if",
        "locations": [
          {
            "start": {
              "line": 67,
              "column": 6
            },
            "end": {
              "line": 68,
              "column": 54
            }
          },
          {
            "start": {},
            "end": {}
          }
        ],
        "line": 67
      }
    },
    "s": {
      "0": 10,
      "1": 10,
      "2": 0,
      "3": 10,
      "4": 10,
      "5": 10,
      "6": 10,
      "7": 10,
      "8": 10,
      "9": 26,
      "10": 26,
      "11": 26,
      "12": 26,
      "13": 26,
      "14": 10,
      "15": 10,
      "16": 10,
      "17": 10,
      "18": 10,
      "19": 10,
      "20": 8,
      "21": 8,
      "22": 0,
      "23": 0,
      "24": 0,
      "25": 0,
      "26": 0
    },
    "f": {
      "0": 10,
      "1": 26,
      "2": 8,
      "3": 0
    },
    "b": {
      "0": [
        10,
        0
      ],
      "1": [
        0,
        10
      ],
      "2": [
        18,
        8
      ],
      "3": [
        4,
        22
      ],
      "4": [
        4,
        22
      ],
      "5": [
        26,
        8
      ],
      "6": [
        10,
        0
      ],
      "7": [
        0,
        0
      ],
      "8": [
        0,
        0
      ]
    },
    "inputSourceMap": {
      "version": 3,
      "mappings": "AAaQ;AAbR,OAAOA,oBAAkB;AAAA;AAAA;AAAA;AAAA;AAAA;AAAA;AAAA;AAAA;AAAA;AAAA;AAAA;AAAA;AAAA;AACzB,SAASC,YAAY;AAErB,OAAO;AAEA,aAAMC,SAASA,CAACC,UAAuB;AAC5C,QAAM;AAAA,IAAEC;AAAAA,IAAcC;AAAAA,EAAc,IAAIF;AACxC,QAAMG,oBAAoBF,eAAe,uBAAuB;AAChE,QAAMG,qBAAqBF,gBAAgB,uBAAuB;AAClE,QAAMG,oBAAoB,CAACJ,gBAAgB,CAACC,gBAAgB,uBAAuB;AACnF,SACE,uBAAC,YAAO,WAAU,UAChB,iCAAC,SAAI,WAAU,iBACb;AAAA,2BAAC,QAAK,WAAWC,mBAAmB,IAAG,KAAG,yBAA1C;AAAA;AAAA;AAAA;AAAA,WAEA;AAAA,IACA,uBAAC,QAAK,WAAWC,oBAAoB,IAAG,UAAQ,wBAAhD;AAAA;AAAA;AAAA;AAAA,WAEA;AAAA,IACA,uBAAC,QAAK,WAAWC,mBAAmB,IAAG,SAAO,yBAA9C;AAAA;AAAA;AAAA;AAAA,WAEA;AAAA,OATF;AAAA;AAAA;AAAA;AAAA,SAUA,KAXF;AAAA;AAAA;AAAA;AAAA,SAYA;AAEJ;AAAEC,KApBWP;AAAM;AAAAQ",
      "names": [
        "React",
        "Link",
        "Header",
        "props",
        "checkHomeBtn",
        "checkAboutBtn",
        "homePageBtnStyles",
        "aboutPageBtnStyles",
        "formPageBtnStyles",
        "_c",
        "$RefreshReg$"
      ],
      "sources": [
        "/Users/vladimirorlov/Desktop/react-rsschool/rs-react/src/components/Header/Header.tsx"
      ],
      "file": "/Users/vladimirorlov/Desktop/react-rsschool/rs-react/src/components/Header/Header.tsx"
    },
    "_coverageSchema": "1a1c01bbd47fc00a2c39e90264f33305004495a9",
    "hash": "cb1a992a2a9c681048e579c955d1afbc6abbaa5b"
  },
  "/Users/vladimirorlov/Desktop/react-rsschool/rs-react/src/hooks/redux.ts": {
    "path": "/Users/vladimirorlov/Desktop/react-rsschool/rs-react/src/hooks/redux.ts",
    "statementMap": {
      "0": {
        "start": {
          "line": 2,
          "column": 30
        },
        "end": {
          "line": 2,
          "column": 49
        }
      },
      "1": {
        "start": {
          "line": 2,
          "column": 36
        },
        "end": {
          "line": 2,
          "column": 49
        }
      },
      "2": {
        "start": {
          "line": 3,
          "column": 30
        },
        "end": {
          "line": 3,
          "column": 41
        }
      }
    },
    "fnMap": {
      "0": {
        "name": "(anonymous_0)",
        "decl": {
          "start": {
            "line": 2,
            "column": 30
          },
          "end": {
            "line": 2,
            "column": 31
          }
        },
        "loc": {
          "start": {
            "line": 2,
            "column": 36
          },
          "end": {
            "line": 2,
            "column": 49
          }
        },
        "line": 2
      }
    },
    "branchMap": {},
    "s": {
      "0": 10,
      "1": 80,
      "2": 10
    },
    "f": {
      "0": 80
    },
    "b": {},
    "inputSourceMap": {
      "version": 3,
      "sources": [
        "/Users/vladimirorlov/Desktop/react-rsschool/rs-react/src/hooks/redux.ts"
      ],
      "mappings": "AAAA,SAA+B,aAAa,mBAAmB;AAGxD,aAAM,iBAAiB,MAAM,YAAyB;AACtD,aAAM,iBAAiD;",
      "names": []
    },
    "_coverageSchema": "1a1c01bbd47fc00a2c39e90264f33305004495a9",
    "hash": "4b6b8e480f0ac17dfe9b28e986f5f048fd65c786"
  },
  "/Users/vladimirorlov/Desktop/react-rsschool/rs-react/src/store/slices/modalSlice.ts": {
    "path": "/Users/vladimirorlov/Desktop/react-rsschool/rs-react/src/store/slices/modalSlice.ts",
    "statementMap": {
      "0": {
        "start": {
          "line": 2,
          "column": 19
        },
        "end": {
          "line": 16,
          "column": 2
        }
      },
      "1": {
        "start": {
          "line": 10,
          "column": 6
        },
        "end": {
          "line": 10,
          "column": 39
        }
      },
      "2": {
        "start": {
          "line": 13,
          "column": 6
        },
        "end": {
          "line": 13,
          "column": 43
        }
      },
      "3": {
        "start": {
          "line": 17,
          "column": 50
        },
        "end": {
          "line": 17,
          "column": 68
        }
      }
    },
    "fnMap": {
      "0": {
        "name": "(anonymous_0)",
        "decl": {
          "start": {
            "line": 9,
            "column": 4
          },
          "end": {
            "line": 9,
            "column": 5
          }
        },
        "loc": {
          "start": {
            "line": 9,
            "column": 32
          },
          "end": {
            "line": 11,
            "column": 5
          }
        },
        "line": 9
      },
      "1": {
        "name": "(anonymous_1)",
        "decl": {
          "start": {
            "line": 12,
            "column": 4
          },
          "end": {
            "line": 12,
            "column": 5
          }
        },
        "loc": {
          "start": {
            "line": 12,
            "column": 36
          },
          "end": {
            "line": 14,
            "column": 5
          }
        },
        "line": 12
      }
    },
    "branchMap": {},
    "s": {
      "0": 10,
      "1": 0,
      "2": 0,
      "3": 10
    },
    "f": {
      "0": 0,
      "1": 0
    },
    "b": {},
    "inputSourceMap": {
      "version": 3,
      "sources": [
        "/Users/vladimirorlov/Desktop/react-rsschool/rs-react/src/store/slices/modalSlice.ts"
      ],
      "mappings": "AACA,SAAwB,mBAAmB;AAE3C,MAAM,aAAa,YAAY;AAAA,EAC7B,MAAM;AAAA,EACN,cAAc;AAAA,IACZ,WAAW,CAAC;AAAA,IACZ,eAAe;AAAA,EACjB;AAAA,EACA,UAAU;AAAA,IACR,aAAa,OAAO,QAAkC;AACpD,YAAM,YAAY,OAAO;AAAA,IAC3B;AAAA,IACA,iBAAiB,OAAO,QAAgC;AACtD,YAAM,gBAAgB,OAAO;AAAA,IAC/B;AAAA,EACF;AACF,CAAC;AAEM,aAAM,EAAE,cAAc,iBAAiB,IAAI,WAAW;AAC7D,eAAe,WAAW;",
      "names": []
    },
    "_coverageSchema": "1a1c01bbd47fc00a2c39e90264f33305004495a9",
    "hash": "8a7312584d99635605e06274f36d3a7cc1d3e2f9"
  },
  "/Users/vladimirorlov/Desktop/react-rsschool/rs-react/src/components/Card/Card.tsx": {
    "path": "/Users/vladimirorlov/Desktop/react-rsschool/rs-react/src/components/Card/Card.tsx",
    "statementMap": {
      "0": {
        "start": {
          "line": 5,
          "column": 0
        },
        "end": {
          "line": 15,
          "column": 1
        }
      },
      "1": {
        "start": {
          "line": 6,
          "column": 2
        },
        "end": {
          "line": 8,
          "column": 3
        }
      },
      "2": {
        "start": {
          "line": 7,
          "column": 4
        },
        "end": {
          "line": 7,
          "column": 165
        }
      },
      "3": {
        "start": {
          "line": 9,
          "column": 2
        },
        "end": {
          "line": 9,
          "column": 39
        }
      },
      "4": {
        "start": {
          "line": 10,
          "column": 2
        },
        "end": {
          "line": 10,
          "column": 39
        }
      },
      "5": {
        "start": {
          "line": 11,
          "column": 2
        },
        "end": {
          "line": 13,
          "column": 4
        }
      },
      "6": {
        "start": {
          "line": 12,
          "column": 4
        },
        "end": {
          "line": 12,
          "column": 125
        }
      },
      "7": {
        "start": {
          "line": 14,
          "column": 2
        },
        "end": {
          "line": 14,
          "column": 75
        }
      },
      "8": {
        "start": {
          "line": 16,
          "column": 9
        },
        "end": {
          "line": 16,
          "column": 23
        }
      },
      "9": {
        "start": {
          "line": 20,
          "column": 20
        },
        "end": {
          "line": 59,
          "column": 1
        }
      },
      "10": {
        "start": {
          "line": 21,
          "column": 2
        },
        "end": {
          "line": 21,
          "column": 7
        }
      },
      "11": {
        "start": {
          "line": 27,
          "column": 6
        },
        "end": {
          "line": 27,
          "column": 11
        }
      },
      "12": {
        "start": {
          "line": 28,
          "column": 19
        },
        "end": {
          "line": 28,
          "column": 35
        }
      },
      "13": {
        "start": {
          "line": 29,
          "column": 2
        },
        "end": {
          "line": 58,
          "column": 11
        }
      },
      "14": {
        "start": {
          "line": 30,
          "column": 4
        },
        "end": {
          "line": 30,
          "column": 37
        }
      },
      "15": {
        "start": {
          "line": 31,
          "column": 4
        },
        "end": {
          "line": 31,
          "column": 34
        }
      },
      "16": {
        "start": {
          "line": 60,
          "column": 0
        },
        "end": {
          "line": 62,
          "column": 3
        }
      },
      "17": {
        "start": {
          "line": 61,
          "column": 2
        },
        "end": {
          "line": 61,
          "column": 26
        }
      },
      "18": {
        "start": {
          "line": 63,
          "column": 0
        },
        "end": {
          "line": 63,
          "column": 10
        }
      },
      "19": {
        "start": {
          "line": 65,
          "column": 0
        },
        "end": {
          "line": 65,
          "column": 25
        }
      },
      "20": {
        "start": {
          "line": 66,
          "column": 0
        },
        "end": {
          "line": 82,
          "column": 1
        }
      },
      "21": {
        "start": {
          "line": 67,
          "column": 2
        },
        "end": {
          "line": 67,
          "column": 39
        }
      },
      "22": {
        "start": {
          "line": 68,
          "column": 2
        },
        "end": {
          "line": 68,
          "column": 39
        }
      },
      "23": {
        "start": {
          "line": 69,
          "column": 2
        },
        "end": {
          "line": 81,
          "column": 5
        }
      },
      "24": {
        "start": {
          "line": 73,
          "column": 4
        },
        "end": {
          "line": 73,
          "column": 151
        }
      },
      "25": {
        "start": {
          "line": 74,
          "column": 4
        },
        "end": {
          "line": 80,
          "column": 7
        }
      },
      "26": {
        "start": {
          "line": 75,
          "column": 6
        },
        "end": {
          "line": 76,
          "column": 15
        }
      },
      "27": {
        "start": {
          "line": 76,
          "column": 8
        },
        "end": {
          "line": 76,
          "column": 15
        }
      },
      "28": {
        "start": {
          "line": 77,
          "column": 32
        },
        "end": {
          "line": 77,
          "column": 115
        }
      },
      "29": {
        "start": {
          "line": 78,
          "column": 6
        },
        "end": {
          "line": 79,
          "column": 54
        }
      },
      "30": {
        "start": {
          "line": 79,
          "column": 8
        },
        "end": {
          "line": 79,
          "column": 54
        }
      }
    },
    "fnMap": {
      "0": {
        "name": "(anonymous_0)",
        "decl": {
          "start": {
            "line": 11,
            "column": 24
          },
          "end": {
            "line": 11,
            "column": 25
          }
        },
        "loc": {
          "start": {
            "line": 11,
            "column": 38
          },
          "end": {
            "line": 13,
            "column": 3
          }
        },
        "line": 11
      },
      "1": {
        "name": "(anonymous_1)",
        "decl": {
          "start": {
            "line": 20,
            "column": 20
          },
          "end": {
            "line": 20,
            "column": 21
          }
        },
        "loc": {
          "start": {
            "line": 20,
            "column": 31
          },
          "end": {
            "line": 59,
            "column": 1
          }
        },
        "line": 20
      },
      "2": {
        "name": "(anonymous_2)",
        "decl": {
          "start": {
            "line": 29,
            "column": 69
          },
          "end": {
            "line": 29,
            "column": 70
          }
        },
        "loc": {
          "start": {
            "line": 29,
            "column": 75
          },
          "end": {
            "line": 32,
            "column": 3
          }
        },
        "line": 29
      },
      "3": {
        "name": "(anonymous_3)",
        "decl": {
          "start": {
            "line": 60,
            "column": 48
          },
          "end": {
            "line": 60,
            "column": 49
          }
        },
        "loc": {
          "start": {
            "line": 60,
            "column": 59
          },
          "end": {
            "line": 62,
            "column": 1
          }
        },
        "line": 60
      },
      "4": {
        "name": "(anonymous_4)",
        "decl": {
          "start": {
            "line": 72,
            "column": 9
          },
          "end": {
            "line": 72,
            "column": 10
          }
        },
        "loc": {
          "start": {
            "line": 72,
            "column": 29
          },
          "end": {
            "line": 81,
            "column": 3
          }
        },
        "line": 72
      },
      "5": {
        "name": "(anonymous_5)",
        "decl": {
          "start": {
            "line": 74,
            "column": 27
          },
          "end": {
            "line": 74,
            "column": 28
          }
        },
        "loc": {
          "start": {
            "line": 74,
            "column": 44
          },
          "end": {
            "line": 80,
            "column": 5
          }
        },
        "line": 74
      }
    },
    "branchMap": {
      "0": {
        "loc": {
          "start": {
            "line": 5,
            "column": 0
          },
          "end": {
            "line": 15,
            "column": 1
          }
        },
        "type": "if",
        "locations": [
          {
            "start": {
              "line": 5,
              "column": 0
            },
            "end": {
              "line": 15,
              "column": 1
            }
          },
          {
            "start": {},
            "end": {}
          }
        ],
        "line": 5
      },
      "1": {
        "loc": {
          "start": {
            "line": 6,
            "column": 2
          },
          "end": {
            "line": 8,
            "column": 3
          }
        },
        "type": "if",
        "locations": [
          {
            "start": {
              "line": 6,
              "column": 2
            },
            "end": {
              "line": 8,
              "column": 3
            }
          },
          {
            "start": {},
            "end": {}
          }
        ],
        "line": 6
      },
      "2": {
        "loc": {
          "start": {
            "line": 66,
            "column": 0
          },
          "end": {
            "line": 82,
            "column": 1
          }
        },
        "type": "if",
        "locations": [
          {
            "start": {
              "line": 66,
              "column": 0
            },
            "end": {
              "line": 82,
              "column": 1
            }
          },
          {
            "start": {},
            "end": {}
          }
        ],
        "line": 66
      },
      "3": {
        "loc": {
          "start": {
            "line": 75,
            "column": 6
          },
          "end": {
            "line": 76,
            "column": 15
          }
        },
        "type": "if",
        "locations": [
          {
            "start": {
              "line": 75,
              "column": 6
            },
            "end": {
              "line": 76,
              "column": 15
            }
          },
          {
            "start": {},
            "end": {}
          }
        ],
        "line": 75
      },
      "4": {
        "loc": {
          "start": {
            "line": 78,
            "column": 6
          },
          "end": {
            "line": 79,
            "column": 54
          }
        },
        "type": "if",
        "locations": [
          {
            "start": {
              "line": 78,
              "column": 6
            },
            "end": {
              "line": 79,
              "column": 54
            }
          },
          {
            "start": {},
            "end": {}
          }
        ],
        "line": 78
      }
    },
    "s": {
      "0": 10,
      "1": 10,
      "2": 0,
      "3": 10,
      "4": 10,
      "5": 10,
      "6": 10,
      "7": 10,
      "8": 10,
      "9": 10,
      "10": 40,
      "11": 40,
      "12": 40,
      "13": 40,
      "14": 0,
      "15": 0,
      "16": 10,
      "17": 1,
      "18": 10,
      "19": 10,
      "20": 10,
      "21": 10,
      "22": 10,
      "23": 10,
      "24": 8,
      "25": 8,
      "26": 0,
      "27": 0,
      "28": 0,
      "29": 0,
      "30": 0
    },
    "f": {
      "0": 10,
      "1": 40,
      "2": 0,
      "3": 1,
      "4": 8,
      "5": 0
    },
    "b": {
      "0": [
        10,
        0
      ],
      "1": [
        0,
        10
      ],
      "2": [
        10,
        0
      ],
      "3": [
        0,
        0
      ],
      "4": [
        0,
        0
      ]
    },
    "inputSourceMap": {
      "version": 3,
      "mappings": "AAkBM;;;;;;;;;;;;;;;;AAjBN,SAASA,sBAAsB;AAC/B,SAASC,cAAcC,wBAAwB;AAE/C,OAAO;AAEA,aAAMC,OAAOA,CAACC,UAAqB;AAAAC;AACxC,QAAM;AAAA,IAAEC;AAAAA,IAAQC;AAAAA,IAAOC;AAAAA,IAAIC;AAAAA,EAAK,IAAIL;AACpC,QAAMM,WAAWV,eAAc;AAC/B,SACE,uBAAC,SACC,WAAU,QAEV,SAAS,MAAM;AACbU,aAASR,iBAAiB,IAAI,CAAC;AAC/BQ,aAAST,aAAaG,KAAK,CAAC;AAAA,EAC9B,GAEA;AAAA,2BAAC,SAAI,WAAU,eAAc,KAAKG,SAAlC;AAAA;AAAA;AAAA;AAAA,WAAwC;AAAA,IACxC,uBAAC,SAAI,WAAU,cAAa;AAAA;AAAA,MAAOE;AAAAA,SAAnC;AAAA;AAAA;AAAA;AAAA,WAAwC;AAAA,IACxC,uBAAC,SAAI,WAAU,cAAa;AAAA;AAAA,MAASH;AAAAA,SAArC;AAAA;AAAA;AAAA;AAAA,WAA4C;AAAA,OARvCE,IAFP;AAAA;AAAA;AAAA;AAAA,SAWA;AAEJ;AAAEH,GAjBWF,MAAI;AAAA,UAEEH,cAAc;AAAA;AAAAW,KAFpBR;AAAI;AAAAS",
      "names": [
        "useAppDispatch",
        "setCharacter",
        "setIsModalActive",
        "Card",
        "props",
        "_s",
        "gender",
        "image",
        "id",
        "name",
        "dispatch",
        "_c",
        "$RefreshReg$"
      ],
      "sources": [
        "/Users/vladimirorlov/Desktop/react-rsschool/rs-react/src/components/Card/Card.tsx"
      ],
      "file": "/Users/vladimirorlov/Desktop/react-rsschool/rs-react/src/components/Card/Card.tsx"
    },
    "_coverageSchema": "1a1c01bbd47fc00a2c39e90264f33305004495a9",
    "hash": "52736bd10a999902dfc8ad1ec757dd2500f86ad0"
  },
  "/Users/vladimirorlov/Desktop/react-rsschool/rs-react/src/store/slices/searchSlice.ts": {
    "path": "/Users/vladimirorlov/Desktop/react-rsschool/rs-react/src/store/slices/searchSlice.ts",
    "statementMap": {
      "0": {
        "start": {
          "line": 2,
          "column": 20
        },
        "end": {
          "line": 20,
          "column": 2
        }
      },
      "1": {
        "start": {
          "line": 11,
          "column": 6
        },
        "end": {
          "line": 11,
          "column": 34
        }
      },
      "2": {
        "start": {
          "line": 14,
          "column": 6
        },
        "end": {
          "line": 14,
          "column": 36
        }
      },
      "3": {
        "start": {
          "line": 17,
          "column": 6
        },
        "end": {
          "line": 17,
          "column": 39
        }
      },
      "4": {
        "start": {
          "line": 21,
          "column": 52
        },
        "end": {
          "line": 21,
          "column": 71
        }
      }
    },
    "fnMap": {
      "0": {
        "name": "(anonymous_0)",
        "decl": {
          "start": {
            "line": 10,
            "column": 4
          },
          "end": {
            "line": 10,
            "column": 5
          }
        },
        "loc": {
          "start": {
            "line": 10,
            "column": 27
          },
          "end": {
            "line": 12,
            "column": 5
          }
        },
        "line": 10
      },
      "1": {
        "name": "(anonymous_1)",
        "decl": {
          "start": {
            "line": 13,
            "column": 4
          },
          "end": {
            "line": 13,
            "column": 5
          }
        },
        "loc": {
          "start": {
            "line": 13,
            "column": 29
          },
          "end": {
            "line": 15,
            "column": 5
          }
        },
        "line": 13
      },
      "2": {
        "name": "(anonymous_2)",
        "decl": {
          "start": {
            "line": 16,
            "column": 4
          },
          "end": {
            "line": 16,
            "column": 5
          }
        },
        "loc": {
          "start": {
            "line": 16,
            "column": 32
          },
          "end": {
            "line": 18,
            "column": 5
          }
        },
        "line": 16
      }
    },
    "branchMap": {},
    "s": {
      "0": 10,
      "1": 0,
      "2": 0,
      "3": 0,
      "4": 10
    },
    "f": {
      "0": 0,
      "1": 0,
      "2": 0
    },
    "b": {},
    "inputSourceMap": {
      "version": 3,
      "sources": [
        "/Users/vladimirorlov/Desktop/react-rsschool/rs-react/src/store/slices/searchSlice.ts"
      ],
      "mappings": "AAAA,SAAwB,mBAAmB;AAE3C,MAAM,cAAc,YAAY;AAAA,EAC9B,MAAM;AAAA,EACN,cAAc;AAAA,IACZ,MAAM;AAAA,IACN,QAAQ;AAAA,IACR,WAAW;AAAA,EACb;AAAA,EACA,UAAU;AAAA,IACR,QAAQ,OAAO,QAA+B;AAC5C,YAAM,OAAO,OAAO;AAAA,IACtB;AAAA,IACA,UAAU,OAAO,QAA+B;AAC9C,YAAM,SAAS,OAAO;AAAA,IACxB;AAAA,IACA,aAAa,OAAO,QAAgC;AAClD,YAAM,YAAY,OAAO;AAAA,IAC3B;AAAA,EACF;AACF,CAAC;AAEM,aAAM,EAAE,SAAS,cAAc,UAAU,IAAI,YAAY;AAChE,eAAe,YAAY;",
      "names": []
    },
    "_coverageSchema": "1a1c01bbd47fc00a2c39e90264f33305004495a9",
    "hash": "cfb69cc01a6b8da0e16c7bf6e7173c2643413c63"
  },
  "/Users/vladimirorlov/Desktop/react-rsschool/rs-react/src/components/Search/Search.tsx": {
    "path": "/Users/vladimirorlov/Desktop/react-rsschool/rs-react/src/components/Search/Search.tsx",
    "statementMap": {
      "0": {
        "start": {
          "line": 5,
          "column": 0
        },
        "end": {
          "line": 15,
          "column": 1
        }
      },
      "1": {
        "start": {
          "line": 6,
          "column": 2
        },
        "end": {
          "line": 8,
          "column": 3
        }
      },
      "2": {
        "start": {
          "line": 7,
          "column": 4
        },
        "end": {
          "line": 7,
          "column": 165
        }
      },
      "3": {
        "start": {
          "line": 9,
          "column": 2
        },
        "end": {
          "line": 9,
          "column": 39
        }
      },
      "4": {
        "start": {
          "line": 10,
          "column": 2
        },
        "end": {
          "line": 10,
          "column": 39
        }
      },
      "5": {
        "start": {
          "line": 11,
          "column": 2
        },
        "end": {
          "line": 13,
          "column": 4
        }
      },
      "6": {
        "start": {
          "line": 12,
          "column": 4
        },
        "end": {
          "line": 12,
          "column": 129
        }
      },
      "7": {
        "start": {
          "line": 14,
          "column": 2
        },
        "end": {
          "line": 14,
          "column": 75
        }
      },
      "8": {
        "start": {
          "line": 16,
          "column": 9
        },
        "end": {
          "line": 16,
          "column": 23
        }
      },
      "9": {
        "start": {
          "line": 20,
          "column": 22
        },
        "end": {
          "line": 53,
          "column": 1
        }
      },
      "10": {
        "start": {
          "line": 21,
          "column": 2
        },
        "end": {
          "line": 21,
          "column": 7
        }
      },
      "11": {
        "start": {
          "line": 24,
          "column": 6
        },
        "end": {
          "line": 24,
          "column": 50
        }
      },
      "12": {
        "start": {
          "line": 24,
          "column": 32
        },
        "end": {
          "line": 24,
          "column": 49
        }
      },
      "13": {
        "start": {
          "line": 25,
          "column": 19
        },
        "end": {
          "line": 25,
          "column": 35
        }
      },
      "14": {
        "start": {
          "line": 26,
          "column": 25
        },
        "end": {
          "line": 29,
          "column": 3
        }
      },
      "15": {
        "start": {
          "line": 27,
          "column": 4
        },
        "end": {
          "line": 27,
          "column": 39
        }
      },
      "16": {
        "start": {
          "line": 28,
          "column": 4
        },
        "end": {
          "line": 28,
          "column": 51
        }
      },
      "17": {
        "start": {
          "line": 30,
          "column": 24
        },
        "end": {
          "line": 39,
          "column": 3
        }
      },
      "18": {
        "start": {
          "line": 31,
          "column": 4
        },
        "end": {
          "line": 38,
          "column": 5
        }
      },
      "19": {
        "start": {
          "line": 32,
          "column": 6
        },
        "end": {
          "line": 36,
          "column": 14
        }
      },
      "20": {
        "start": {
          "line": 33,
          "column": 8
        },
        "end": {
          "line": 33,
          "column": 38
        }
      },
      "21": {
        "start": {
          "line": 34,
          "column": 8
        },
        "end": {
          "line": 34,
          "column": 34
        }
      },
      "22": {
        "start": {
          "line": 35,
          "column": 8
        },
        "end": {
          "line": 35,
          "column": 44
        }
      },
      "23": {
        "start": {
          "line": 37,
          "column": 6
        },
        "end": {
          "line": 37,
          "column": 35
        }
      },
      "24": {
        "start": {
          "line": 40,
          "column": 2
        },
        "end": {
          "line": 52,
          "column": 11
        }
      },
      "25": {
        "start": {
          "line": 54,
          "column": 0
        },
        "end": {
          "line": 56,
          "column": 3
        }
      },
      "26": {
        "start": {
          "line": 55,
          "column": 2
        },
        "end": {
          "line": 55,
          "column": 42
        }
      },
      "27": {
        "start": {
          "line": 57,
          "column": 0
        },
        "end": {
          "line": 57,
          "column": 12
        }
      },
      "28": {
        "start": {
          "line": 59,
          "column": 0
        },
        "end": {
          "line": 59,
          "column": 27
        }
      },
      "29": {
        "start": {
          "line": 60,
          "column": 0
        },
        "end": {
          "line": 76,
          "column": 1
        }
      },
      "30": {
        "start": {
          "line": 61,
          "column": 2
        },
        "end": {
          "line": 61,
          "column": 39
        }
      },
      "31": {
        "start": {
          "line": 62,
          "column": 2
        },
        "end": {
          "line": 62,
          "column": 39
        }
      },
      "32": {
        "start": {
          "line": 63,
          "column": 2
        },
        "end": {
          "line": 75,
          "column": 5
        }
      },
      "33": {
        "start": {
          "line": 67,
          "column": 4
        },
        "end": {
          "line": 67,
          "column": 155
        }
      },
      "34": {
        "start": {
          "line": 68,
          "column": 4
        },
        "end": {
          "line": 74,
          "column": 7
        }
      },
      "35": {
        "start": {
          "line": 69,
          "column": 6
        },
        "end": {
          "line": 70,
          "column": 15
        }
      },
      "36": {
        "start": {
          "line": 70,
          "column": 8
        },
        "end": {
          "line": 70,
          "column": 15
        }
      },
      "37": {
        "start": {
          "line": 71,
          "column": 32
        },
        "end": {
          "line": 71,
          "column": 115
        }
      },
      "38": {
        "start": {
          "line": 72,
          "column": 6
        },
        "end": {
          "line": 73,
          "column": 54
        }
      },
      "39": {
        "start": {
          "line": 73,
          "column": 8
        },
        "end": {
          "line": 73,
          "column": 54
        }
      }
    },
    "fnMap": {
      "0": {
        "name": "(anonymous_0)",
        "decl": {
          "start": {
            "line": 11,
            "column": 24
          },
          "end": {
            "line": 11,
            "column": 25
          }
        },
        "loc": {
          "start": {
            "line": 11,
            "column": 38
          },
          "end": {
            "line": 13,
            "column": 3
          }
        },
        "line": 11
      },
      "1": {
        "name": "(anonymous_1)",
        "decl": {
          "start": {
            "line": 20,
            "column": 22
          },
          "end": {
            "line": 20,
            "column": 23
          }
        },
        "loc": {
          "start": {
            "line": 20,
            "column": 28
          },
          "end": {
            "line": 53,
            "column": 1
          }
        },
        "line": 20
      },
      "2": {
        "name": "(anonymous_2)",
        "decl": {
          "start": {
            "line": 24,
            "column": 21
          },
          "end": {
            "line": 24,
            "column": 22
          }
        },
        "loc": {
          "start": {
            "line": 24,
            "column": 32
          },
          "end": {
            "line": 24,
            "column": 49
          }
        },
        "line": 24
      },
      "3": {
        "name": "(anonymous_3)",
        "decl": {
          "start": {
            "line": 26,
            "column": 25
          },
          "end": {
            "line": 26,
            "column": 26
          }
        },
        "loc": {
          "start": {
            "line": 26,
            "column": 33
          },
          "end": {
            "line": 29,
            "column": 3
          }
        },
        "line": 26
      },
      "4": {
        "name": "(anonymous_4)",
        "decl": {
          "start": {
            "line": 30,
            "column": 24
          },
          "end": {
            "line": 30,
            "column": 25
          }
        },
        "loc": {
          "start": {
            "line": 30,
            "column": 38
          },
          "end": {
            "line": 39,
            "column": 3
          }
        },
        "line": 30
      },
      "5": {
        "name": "(anonymous_5)",
        "decl": {
          "start": {
            "line": 32,
            "column": 17
          },
          "end": {
            "line": 32,
            "column": 18
          }
        },
        "loc": {
          "start": {
            "line": 32,
            "column": 23
          },
          "end": {
            "line": 36,
            "column": 7
          }
        },
        "line": 32
      },
      "6": {
        "name": "(anonymous_6)",
        "decl": {
          "start": {
            "line": 54,
            "column": 50
          },
          "end": {
            "line": 54,
            "column": 51
          }
        },
        "loc": {
          "start": {
            "line": 54,
            "column": 61
          },
          "end": {
            "line": 56,
            "column": 1
          }
        },
        "line": 54
      },
      "7": {
        "name": "(anonymous_7)",
        "decl": {
          "start": {
            "line": 66,
            "column": 9
          },
          "end": {
            "line": 66,
            "column": 10
          }
        },
        "loc": {
          "start": {
            "line": 66,
            "column": 29
          },
          "end": {
            "line": 75,
            "column": 3
          }
        },
        "line": 66
      },
      "8": {
        "name": "(anonymous_8)",
        "decl": {
          "start": {
            "line": 68,
            "column": 27
          },
          "end": {
            "line": 68,
            "column": 28
          }
        },
        "loc": {
          "start": {
            "line": 68,
            "column": 44
          },
          "end": {
            "line": 74,
            "column": 5
          }
        },
        "line": 68
      }
    },
    "branchMap": {
      "0": {
        "loc": {
          "start": {
            "line": 5,
            "column": 0
          },
          "end": {
            "line": 15,
            "column": 1
          }
        },
        "type": "if",
        "locations": [
          {
            "start": {
              "line": 5,
              "column": 0
            },
            "end": {
              "line": 15,
              "column": 1
            }
          },
          {
            "start": {},
            "end": {}
          }
        ],
        "line": 5
      },
      "1": {
        "loc": {
          "start": {
            "line": 6,
            "column": 2
          },
          "end": {
            "line": 8,
            "column": 3
          }
        },
        "type": "if",
        "locations": [
          {
            "start": {
              "line": 6,
              "column": 2
            },
            "end": {
              "line": 8,
              "column": 3
            }
          },
          {
            "start": {},
            "end": {}
          }
        ],
        "line": 6
      },
      "2": {
        "loc": {
          "start": {
            "line": 31,
            "column": 4
          },
          "end": {
            "line": 38,
            "column": 5
          }
        },
        "type": "if",
        "locations": [
          {
            "start": {
              "line": 31,
              "column": 4
            },
            "end": {
              "line": 38,
              "column": 5
            }
          },
          {
            "start": {},
            "end": {}
          }
        ],
        "line": 31
      },
      "3": {
        "loc": {
          "start": {
            "line": 60,
            "column": 0
          },
          "end": {
            "line": 76,
            "column": 1
          }
        },
        "type": "if",
        "locations": [
          {
            "start": {
              "line": 60,
              "column": 0
            },
            "end": {
              "line": 76,
              "column": 1
            }
          },
          {
            "start": {},
            "end": {}
          }
        ],
        "line": 60
      },
      "4": {
        "loc": {
          "start": {
            "line": 69,
            "column": 6
          },
          "end": {
            "line": 70,
            "column": 15
          }
        },
        "type": "if",
        "locations": [
          {
            "start": {
              "line": 69,
              "column": 6
            },
            "end": {
              "line": 70,
              "column": 15
            }
          },
          {
            "start": {},
            "end": {}
          }
        ],
        "line": 69
      },
      "5": {
        "loc": {
          "start": {
            "line": 72,
            "column": 6
          },
          "end": {
            "line": 73,
            "column": 54
          }
        },
        "type": "if",
        "locations": [
          {
            "start": {
              "line": 72,
              "column": 6
            },
            "end": {
              "line": 73,
              "column": 54
            }
          },
          {
            "start": {},
            "end": {}
          }
        ],
        "line": 72
      }
    },
    "s": {
      "0": 10,
      "1": 10,
      "2": 0,
      "3": 10,
      "4": 10,
      "5": 10,
      "6": 10,
      "7": 10,
      "8": 10,
      "9": 10,
      "10": 18,
      "11": 18,
      "12": 35,
      "13": 18,
      "14": 18,
      "15": 0,
      "16": 0,
      "17": 18,
      "18": 0,
      "19": 0,
      "20": 0,
      "21": 0,
      "22": 0,
      "23": 0,
      "24": 18,
      "25": 10,
      "26": 4,
      "27": 10,
      "28": 10,
      "29": 10,
      "30": 10,
      "31": 10,
      "32": 10,
      "33": 8,
      "34": 8,
      "35": 0,
      "36": 0,
      "37": 0,
      "38": 0,
      "39": 0
    },
    "f": {
      "0": 10,
      "1": 18,
      "2": 35,
      "3": 0,
      "4": 0,
      "5": 0,
      "6": 4,
      "7": 8,
      "8": 0
    },
    "b": {
      "0": [
        10,
        0
      ],
      "1": [
        0,
        10
      ],
      "2": [
        0,
        0
      ],
      "3": [
        10,
        0
      ],
      "4": [
        0,
        0
      ],
      "5": [
        0,
        0
      ]
    },
    "inputSourceMap": {
      "version": 3,
      "mappings": "AA4BQ;;;;;;;;;;;;;;;;AA3BR,SAASA,gBAAgBC,sBAAsB;AAC/C,SAASC,cAAcC,WAAWC,eAAe;AACjD,OAAO;AAEA,aAAMC,SAASA,MAAM;AAAAC;AAC1B,QAAM;AAAA,IAAEC;AAAAA,EAAK,IAAIN,eAAgBO,WAAUA,MAAMC,WAAW;AAC5D,QAAMC,WAAWV,eAAc;AAE/B,QAAMW,iBAAiBA,CAACC,OAAsC;AAC5DF,aAASN,QAAQQ,GAAGC,OAAOC,KAAK,CAAC;AACjCC,iBAAaC,QAAQ,SAASJ,GAAGC,OAAOC,KAAK;AAAA,EAC/C;AAEA,QAAMG,gBAAgB,OAAOL,OAA8C;AACzE,QAAIA,GAAGM,QAAQ,SAAS;AACtBC,iBAAW,MAAM;AACfT,iBAASR,aAAa,KAAK,CAAC;AAC5BQ,iBAASP,UAAUI,IAAI,CAAC;AACxBQ,qBAAaC,QAAQ,SAAST,IAAc;AAAA,MAC9C,GAAG,GAAG;AACNG,eAASR,aAAa,IAAI,CAAC;AAAA,IAC7B;AAAA,EACF;AAEA,SACE,uBAAC,SAAI,WAAU,UACb,iCAAC,SAAI,WAAU,mBACb,iCAAC,WACC,MAAK,QACL,MAAK,QACL,WAAU,iBACV,aAAY,wBACZ,OAAOK,MACP,UAAUI,gBACV,WAAWM,iBAPb;AAAA;AAAA;AAAA;AAAA,SAO2B,KAR7B;AAAA;AAAA;AAAA;AAAA,SAUA,KAXF;AAAA;AAAA;AAAA;AAAA,SAYA;AAEJ;AAAEX,GAnCWD,QAAM;AAAA,UACAJ,gBACAD,cAAc;AAAA;AAAAoB,KAFpBf;AAAM;AAAAgB",
      "names": [
        "useAppDispatch",
        "useAppSelector",
        "setIsLoading",
        "setSearch",
        "setTerm",
        "Search",
        "_s",
        "term",
        "state",
        "searchSlice",
        "dispatch",
        "onSearchChange",
        "ev",
        "target",
        "value",
        "localStorage",
        "setItem",
        "onSearchClick",
        "key",
        "setTimeout",
        "_c",
        "$RefreshReg$"
      ],
      "sources": [
        "/Users/vladimirorlov/Desktop/react-rsschool/rs-react/src/components/Search/Search.tsx"
      ],
      "file": "/Users/vladimirorlov/Desktop/react-rsschool/rs-react/src/components/Search/Search.tsx"
    },
    "_coverageSchema": "1a1c01bbd47fc00a2c39e90264f33305004495a9",
    "hash": "5b0980d23cc8d2dcd5e8238276e09f8c64036ea1"
  },
  "/Users/vladimirorlov/Desktop/react-rsschool/rs-react/src/components/ModalWindow/ModalWindow.tsx": {
    "path": "/Users/vladimirorlov/Desktop/react-rsschool/rs-react/src/components/ModalWindow/ModalWindow.tsx",
    "statementMap": {
      "0": {
        "start": {
          "line": 5,
          "column": 0
        },
        "end": {
          "line": 15,
          "column": 1
        }
      },
      "1": {
        "start": {
          "line": 6,
          "column": 2
        },
        "end": {
          "line": 8,
          "column": 3
        }
      },
      "2": {
        "start": {
          "line": 7,
          "column": 4
        },
        "end": {
          "line": 7,
          "column": 165
        }
      },
      "3": {
        "start": {
          "line": 9,
          "column": 2
        },
        "end": {
          "line": 9,
          "column": 39
        }
      },
      "4": {
        "start": {
          "line": 10,
          "column": 2
        },
        "end": {
          "line": 10,
          "column": 39
        }
      },
      "5": {
        "start": {
          "line": 11,
          "column": 2
        },
        "end": {
          "line": 13,
          "column": 4
        }
      },
      "6": {
        "start": {
          "line": 12,
          "column": 4
        },
        "end": {
          "line": 12,
          "column": 139
        }
      },
      "7": {
        "start": {
          "line": 14,
          "column": 2
        },
        "end": {
          "line": 14,
          "column": 75
        }
      },
      "8": {
        "start": {
          "line": 16,
          "column": 9
        },
        "end": {
          "line": 16,
          "column": 23
        }
      },
      "9": {
        "start": {
          "line": 20,
          "column": 20
        },
        "end": {
          "line": 53,
          "column": 1
        }
      },
      "10": {
        "start": {
          "line": 23,
          "column": 2
        },
        "end": {
          "line": 23,
          "column": 7
        }
      },
      "11": {
        "start": {
          "line": 26,
          "column": 6
        },
        "end": {
          "line": 26,
          "column": 49
        }
      },
      "12": {
        "start": {
          "line": 26,
          "column": 32
        },
        "end": {
          "line": 26,
          "column": 48
        }
      },
      "13": {
        "start": {
          "line": 27,
          "column": 19
        },
        "end": {
          "line": 27,
          "column": 35
        }
      },
      "14": {
        "start": {
          "line": 28,
          "column": 22
        },
        "end": {
          "line": 28,
          "column": 58
        }
      },
      "15": {
        "start": {
          "line": 29,
          "column": 23
        },
        "end": {
          "line": 31,
          "column": 3
        }
      },
      "16": {
        "start": {
          "line": 30,
          "column": 4
        },
        "end": {
          "line": 30,
          "column": 38
        }
      },
      "17": {
        "start": {
          "line": 32,
          "column": 2
        },
        "end": {
          "line": 52,
          "column": 11
        }
      },
      "18": {
        "start": {
          "line": 33,
          "column": 4
        },
        "end": {
          "line": 33,
          "column": 25
        }
      },
      "19": {
        "start": {
          "line": 34,
          "column": 4
        },
        "end": {
          "line": 34,
          "column": 19
        }
      },
      "20": {
        "start": {
          "line": 35,
          "column": 94
        },
        "end": {
          "line": 35,
          "column": 113
        }
      },
      "21": {
        "start": {
          "line": 37,
          "column": 6
        },
        "end": {
          "line": 37,
          "column": 21
        }
      },
      "22": {
        "start": {
          "line": 54,
          "column": 0
        },
        "end": {
          "line": 56,
          "column": 3
        }
      },
      "23": {
        "start": {
          "line": 55,
          "column": 2
        },
        "end": {
          "line": 55,
          "column": 42
        }
      },
      "24": {
        "start": {
          "line": 57,
          "column": 0
        },
        "end": {
          "line": 57,
          "column": 17
        }
      },
      "25": {
        "start": {
          "line": 60,
          "column": 0
        },
        "end": {
          "line": 60,
          "column": 32
        }
      },
      "26": {
        "start": {
          "line": 61,
          "column": 0
        },
        "end": {
          "line": 77,
          "column": 1
        }
      },
      "27": {
        "start": {
          "line": 62,
          "column": 2
        },
        "end": {
          "line": 62,
          "column": 39
        }
      },
      "28": {
        "start": {
          "line": 63,
          "column": 2
        },
        "end": {
          "line": 63,
          "column": 39
        }
      },
      "29": {
        "start": {
          "line": 64,
          "column": 2
        },
        "end": {
          "line": 76,
          "column": 5
        }
      },
      "30": {
        "start": {
          "line": 68,
          "column": 4
        },
        "end": {
          "line": 68,
          "column": 165
        }
      },
      "31": {
        "start": {
          "line": 69,
          "column": 4
        },
        "end": {
          "line": 75,
          "column": 7
        }
      },
      "32": {
        "start": {
          "line": 70,
          "column": 6
        },
        "end": {
          "line": 71,
          "column": 15
        }
      },
      "33": {
        "start": {
          "line": 71,
          "column": 8
        },
        "end": {
          "line": 71,
          "column": 15
        }
      },
      "34": {
        "start": {
          "line": 72,
          "column": 32
        },
        "end": {
          "line": 72,
          "column": 115
        }
      },
      "35": {
        "start": {
          "line": 73,
          "column": 6
        },
        "end": {
          "line": 74,
          "column": 54
        }
      },
      "36": {
        "start": {
          "line": 74,
          "column": 8
        },
        "end": {
          "line": 74,
          "column": 54
        }
      }
    },
    "fnMap": {
      "0": {
        "name": "(anonymous_0)",
        "decl": {
          "start": {
            "line": 11,
            "column": 24
          },
          "end": {
            "line": 11,
            "column": 25
          }
        },
        "loc": {
          "start": {
            "line": 11,
            "column": 38
          },
          "end": {
            "line": 13,
            "column": 3
          }
        },
        "line": 11
      },
      "1": {
        "name": "(anonymous_1)",
        "decl": {
          "start": {
            "line": 20,
            "column": 20
          },
          "end": {
            "line": 20,
            "column": 21
          }
        },
        "loc": {
          "start": {
            "line": 22,
            "column": 6
          },
          "end": {
            "line": 53,
            "column": 1
          }
        },
        "line": 22
      },
      "2": {
        "name": "(anonymous_2)",
        "decl": {
          "start": {
            "line": 26,
            "column": 21
          },
          "end": {
            "line": 26,
            "column": 22
          }
        },
        "loc": {
          "start": {
            "line": 26,
            "column": 32
          },
          "end": {
            "line": 26,
            "column": 48
          }
        },
        "line": 26
      },
      "3": {
        "name": "(anonymous_3)",
        "decl": {
          "start": {
            "line": 29,
            "column": 23
          },
          "end": {
            "line": 29,
            "column": 24
          }
        },
        "loc": {
          "start": {
            "line": 29,
            "column": 29
          },
          "end": {
            "line": 31,
            "column": 3
          }
        },
        "line": 29
      },
      "4": {
        "name": "(anonymous_4)",
        "decl": {
          "start": {
            "line": 32,
            "column": 85
          },
          "end": {
            "line": 32,
            "column": 86
          }
        },
        "loc": {
          "start": {
            "line": 32,
            "column": 93
          },
          "end": {
            "line": 35,
            "column": 3
          }
        },
        "line": 32
      },
      "5": {
        "name": "(anonymous_5)",
        "decl": {
          "start": {
            "line": 35,
            "column": 87
          },
          "end": {
            "line": 35,
            "column": 88
          }
        },
        "loc": {
          "start": {
            "line": 35,
            "column": 94
          },
          "end": {
            "line": 35,
            "column": 113
          }
        },
        "line": 35
      },
      "6": {
        "name": "(anonymous_6)",
        "decl": {
          "start": {
            "line": 36,
            "column": 88
          },
          "end": {
            "line": 36,
            "column": 89
          }
        },
        "loc": {
          "start": {
            "line": 36,
            "column": 94
          },
          "end": {
            "line": 38,
            "column": 5
          }
        },
        "line": 36
      },
      "7": {
        "name": "(anonymous_7)",
        "decl": {
          "start": {
            "line": 54,
            "column": 55
          },
          "end": {
            "line": 54,
            "column": 56
          }
        },
        "loc": {
          "start": {
            "line": 54,
            "column": 66
          },
          "end": {
            "line": 56,
            "column": 1
          }
        },
        "line": 54
      },
      "8": {
        "name": "(anonymous_8)",
        "decl": {
          "start": {
            "line": 67,
            "column": 9
          },
          "end": {
            "line": 67,
            "column": 10
          }
        },
        "loc": {
          "start": {
            "line": 67,
            "column": 29
          },
          "end": {
            "line": 76,
            "column": 3
          }
        },
        "line": 67
      },
      "9": {
        "name": "(anonymous_9)",
        "decl": {
          "start": {
            "line": 69,
            "column": 27
          },
          "end": {
            "line": 69,
            "column": 28
          }
        },
        "loc": {
          "start": {
            "line": 69,
            "column": 44
          },
          "end": {
            "line": 75,
            "column": 5
          }
        },
        "line": 69
      }
    },
    "branchMap": {
      "0": {
        "loc": {
          "start": {
            "line": 5,
            "column": 0
          },
          "end": {
            "line": 15,
            "column": 1
          }
        },
        "type": "if",
        "locations": [
          {
            "start": {
              "line": 5,
              "column": 0
            },
            "end": {
              "line": 15,
              "column": 1
            }
          },
          {
            "start": {},
            "end": {}
          }
        ],
        "line": 5
      },
      "1": {
        "loc": {
          "start": {
            "line": 6,
            "column": 2
          },
          "end": {
            "line": 8,
            "column": 3
          }
        },
        "type": "if",
        "locations": [
          {
            "start": {
              "line": 6,
              "column": 2
            },
            "end": {
              "line": 8,
              "column": 3
            }
          },
          {
            "start": {},
            "end": {}
          }
        ],
        "line": 6
      },
      "2": {
        "loc": {
          "start": {
            "line": 28,
            "column": 22
          },
          "end": {
            "line": 28,
            "column": 58
          }
        },
        "type": "cond-expr",
        "locations": [
          {
            "start": {
              "line": 28,
              "column": 38
            },
            "end": {
              "line": 28,
              "column": 53
            }
          },
          {
            "start": {
              "line": 28,
              "column": 56
            },
            "end": {
              "line": 28,
              "column": 58
            }
          }
        ],
        "line": 28
      },
      "3": {
        "loc": {
          "start": {
            "line": 61,
            "column": 0
          },
          "end": {
            "line": 77,
            "column": 1
          }
        },
        "type": "if",
        "locations": [
          {
            "start": {
              "line": 61,
              "column": 0
            },
            "end": {
              "line": 77,
              "column": 1
            }
          },
          {
            "start": {},
            "end": {}
          }
        ],
        "line": 61
      },
      "4": {
        "loc": {
          "start": {
            "line": 70,
            "column": 6
          },
          "end": {
            "line": 71,
            "column": 15
          }
        },
        "type": "if",
        "locations": [
          {
            "start": {
              "line": 70,
              "column": 6
            },
            "end": {
              "line": 71,
              "column": 15
            }
          },
          {
            "start": {},
            "end": {}
          }
        ],
        "line": 70
      },
      "5": {
        "loc": {
          "start": {
            "line": 73,
            "column": 6
          },
          "end": {
            "line": 74,
            "column": 54
          }
        },
        "type": "if",
        "locations": [
          {
            "start": {
              "line": 73,
              "column": 6
            },
            "end": {
              "line": 74,
              "column": 54
            }
          },
          {
            "start": {},
            "end": {}
          }
        ],
        "line": 73
      }
    },
    "s": {
      "0": 10,
      "1": 10,
      "2": 0,
      "3": 10,
      "4": 10,
      "5": 10,
      "6": 10,
      "7": 10,
      "8": 10,
      "9": 10,
      "10": 18,
      "11": 18,
      "12": 35,
      "13": 18,
      "14": 18,
      "15": 18,
      "16": 0,
      "17": 18,
      "18": 0,
      "19": 0,
      "20": 0,
      "21": 0,
      "22": 10,
      "23": 4,
      "24": 10,
      "25": 10,
      "26": 10,
      "27": 10,
      "28": 10,
      "29": 10,
      "30": 8,
      "31": 8,
      "32": 0,
      "33": 0,
      "34": 0,
      "35": 0,
      "36": 0
    },
    "f": {
      "0": 10,
      "1": 18,
      "2": 35,
      "3": 0,
      "4": 0,
      "5": 0,
      "6": 0,
      "7": 4,
      "8": 8,
      "9": 0
    },
    "b": {
      "0": [
        10,
        0
      ],
      "1": [
        0,
        10
      ],
      "2": [
        0,
        18
      ],
      "3": [
        10,
        0
      ],
      "4": [
        0,
        0
      ],
      "5": [
        0,
        0
      ]
    },
    "inputSourceMap": {
      "version": 3,
      "mappings": "AA2BQ;;;;;;;;;;;;;;;;AA1BR,SAASA,gBAAgBC,sBAAsB;AAC/C,SAASC,wBAAwB;AACjC,OAAO;AAMP,MAAMC,cAAcA,CAAC;AAAA,EAAEC;AAAsB,MAAM;AAAAC;AACjD,QAAM;AAAA,IAAEC;AAAAA,EAAc,IAAIL,eAAgBM,WAAUA,MAAMC,UAAU;AACpE,QAAMC,WAAWT,eAAc;AAC/B,QAAMU,cAAcJ,gBAAgB,kBAAkB;AAEtD,QAAMK,eAAeA,MAAM;AACzBF,aAASP,iBAAiB,KAAK,CAAC;AAAA,EAClC;AAEA,SACE,uBAAC,SACC,WAAY,SAAQQ,eACpB,SAAUE,QAAO;AACfA,OAAGC,gBAAe;AAClBF,iBAAY;AAAA,EACd,GAEA,iCAAC,SAAI,WAAU,oBAAmB,SAAUG,OAAMA,EAAED,gBAAe,GACjE;AAAA,2BAAC,OACC,WAAU,kCACV,SAAS,MAAM;AACbF,mBAAY;AAAA,IACd,KAJF;AAAA;AAAA;AAAA;AAAA,WAKC;AAAA,IACAP;AAAAA,OAPH;AAAA;AAAA;AAAA;AAAA,SAQA,KAfF;AAAA;AAAA;AAAA;AAAA,SAgBA;AAEJ;AAAEC,GA5BIF,aAAW;AAAA,UACWF,gBACTD,cAAc;AAAA;AAAAe,KAF3BZ;AA8BN,eAAeA;AAAY;AAAAa",
      "names": [
        "useAppDispatch",
        "useAppSelector",
        "setIsModalActive",
        "ModalWindow",
        "children",
        "_s",
        "isModalActive",
        "state",
        "modalSlice",
        "dispatch",
        "modalStyles",
        "onCloseModal",
        "ev",
        "stopPropagation",
        "e",
        "_c",
        "$RefreshReg$"
      ],
      "sources": [
        "/Users/vladimirorlov/Desktop/react-rsschool/rs-react/src/components/ModalWindow/ModalWindow.tsx"
      ],
      "file": "/Users/vladimirorlov/Desktop/react-rsschool/rs-react/src/components/ModalWindow/ModalWindow.tsx"
    },
    "_coverageSchema": "1a1c01bbd47fc00a2c39e90264f33305004495a9",
    "hash": "35d57c10af1150163c8c653a78255f649425e183"
  },
  "/Users/vladimirorlov/Desktop/react-rsschool/rs-react/src/components/ModalCard/ModalCard.tsx": {
    "path": "/Users/vladimirorlov/Desktop/react-rsschool/rs-react/src/components/ModalCard/ModalCard.tsx",
    "statementMap": {
      "0": {
        "start": {
          "line": 5,
          "column": 0
        },
        "end": {
          "line": 15,
          "column": 1
        }
      },
      "1": {
        "start": {
          "line": 6,
          "column": 2
        },
        "end": {
          "line": 8,
          "column": 3
        }
      },
      "2": {
        "start": {
          "line": 7,
          "column": 4
        },
        "end": {
          "line": 7,
          "column": 165
        }
      },
      "3": {
        "start": {
          "line": 9,
          "column": 2
        },
        "end": {
          "line": 9,
          "column": 39
        }
      },
      "4": {
        "start": {
          "line": 10,
          "column": 2
        },
        "end": {
          "line": 10,
          "column": 39
        }
      },
      "5": {
        "start": {
          "line": 11,
          "column": 2
        },
        "end": {
          "line": 13,
          "column": 4
        }
      },
      "6": {
        "start": {
          "line": 12,
          "column": 4
        },
        "end": {
          "line": 12,
          "column": 135
        }
      },
      "7": {
        "start": {
          "line": 14,
          "column": 2
        },
        "end": {
          "line": 14,
          "column": 75
        }
      },
      "8": {
        "start": {
          "line": 16,
          "column": 9
        },
        "end": {
          "line": 16,
          "column": 23
        }
      },
      "9": {
        "start": {
          "line": 19,
          "column": 18
        },
        "end": {
          "line": 101,
          "column": 1
        }
      },
      "10": {
        "start": {
          "line": 20,
          "column": 2
        },
        "end": {
          "line": 20,
          "column": 7
        }
      },
      "11": {
        "start": {
          "line": 23,
          "column": 6
        },
        "end": {
          "line": 23,
          "column": 49
        }
      },
      "12": {
        "start": {
          "line": 23,
          "column": 32
        },
        "end": {
          "line": 23,
          "column": 48
        }
      },
      "13": {
        "start": {
          "line": 32,
          "column": 6
        },
        "end": {
          "line": 32,
          "column": 15
        }
      },
      "14": {
        "start": {
          "line": 33,
          "column": 2
        },
        "end": {
          "line": 100,
          "column": 11
        }
      },
      "15": {
        "start": {
          "line": 102,
          "column": 0
        },
        "end": {
          "line": 104,
          "column": 3
        }
      },
      "16": {
        "start": {
          "line": 103,
          "column": 2
        },
        "end": {
          "line": 103,
          "column": 26
        }
      },
      "17": {
        "start": {
          "line": 105,
          "column": 0
        },
        "end": {
          "line": 105,
          "column": 15
        }
      },
      "18": {
        "start": {
          "line": 108,
          "column": 0
        },
        "end": {
          "line": 108,
          "column": 30
        }
      },
      "19": {
        "start": {
          "line": 109,
          "column": 0
        },
        "end": {
          "line": 125,
          "column": 1
        }
      },
      "20": {
        "start": {
          "line": 110,
          "column": 2
        },
        "end": {
          "line": 110,
          "column": 39
        }
      },
      "21": {
        "start": {
          "line": 111,
          "column": 2
        },
        "end": {
          "line": 111,
          "column": 39
        }
      },
      "22": {
        "start": {
          "line": 112,
          "column": 2
        },
        "end": {
          "line": 124,
          "column": 5
        }
      },
      "23": {
        "start": {
          "line": 116,
          "column": 4
        },
        "end": {
          "line": 116,
          "column": 161
        }
      },
      "24": {
        "start": {
          "line": 117,
          "column": 4
        },
        "end": {
          "line": 123,
          "column": 7
        }
      },
      "25": {
        "start": {
          "line": 118,
          "column": 6
        },
        "end": {
          "line": 119,
          "column": 15
        }
      },
      "26": {
        "start": {
          "line": 119,
          "column": 8
        },
        "end": {
          "line": 119,
          "column": 15
        }
      },
      "27": {
        "start": {
          "line": 120,
          "column": 32
        },
        "end": {
          "line": 120,
          "column": 115
        }
      },
      "28": {
        "start": {
          "line": 121,
          "column": 6
        },
        "end": {
          "line": 122,
          "column": 54
        }
      },
      "29": {
        "start": {
          "line": 122,
          "column": 8
        },
        "end": {
          "line": 122,
          "column": 54
        }
      }
    },
    "fnMap": {
      "0": {
        "name": "(anonymous_0)",
        "decl": {
          "start": {
            "line": 11,
            "column": 24
          },
          "end": {
            "line": 11,
            "column": 25
          }
        },
        "loc": {
          "start": {
            "line": 11,
            "column": 38
          },
          "end": {
            "line": 13,
            "column": 3
          }
        },
        "line": 11
      },
      "1": {
        "name": "(anonymous_1)",
        "decl": {
          "start": {
            "line": 19,
            "column": 18
          },
          "end": {
            "line": 19,
            "column": 19
          }
        },
        "loc": {
          "start": {
            "line": 19,
            "column": 24
          },
          "end": {
            "line": 101,
            "column": 1
          }
        },
        "line": 19
      },
      "2": {
        "name": "(anonymous_2)",
        "decl": {
          "start": {
            "line": 23,
            "column": 21
          },
          "end": {
            "line": 23,
            "column": 22
          }
        },
        "loc": {
          "start": {
            "line": 23,
            "column": 32
          },
          "end": {
            "line": 23,
            "column": 48
          }
        },
        "line": 23
      },
      "3": {
        "name": "(anonymous_3)",
        "decl": {
          "start": {
            "line": 102,
            "column": 53
          },
          "end": {
            "line": 102,
            "column": 54
          }
        },
        "loc": {
          "start": {
            "line": 102,
            "column": 64
          },
          "end": {
            "line": 104,
            "column": 1
          }
        },
        "line": 102
      },
      "4": {
        "name": "(anonymous_4)",
        "decl": {
          "start": {
            "line": 115,
            "column": 9
          },
          "end": {
            "line": 115,
            "column": 10
          }
        },
        "loc": {
          "start": {
            "line": 115,
            "column": 29
          },
          "end": {
            "line": 124,
            "column": 3
          }
        },
        "line": 115
      },
      "5": {
        "name": "(anonymous_5)",
        "decl": {
          "start": {
            "line": 117,
            "column": 27
          },
          "end": {
            "line": 117,
            "column": 28
          }
        },
        "loc": {
          "start": {
            "line": 117,
            "column": 44
          },
          "end": {
            "line": 123,
            "column": 5
          }
        },
        "line": 117
      }
    },
    "branchMap": {
      "0": {
        "loc": {
          "start": {
            "line": 5,
            "column": 0
          },
          "end": {
            "line": 15,
            "column": 1
          }
        },
        "type": "if",
        "locations": [
          {
            "start": {
              "line": 5,
              "column": 0
            },
            "end": {
              "line": 15,
              "column": 1
            }
          },
          {
            "start": {},
            "end": {}
          }
        ],
        "line": 5
      },
      "1": {
        "loc": {
          "start": {
            "line": 6,
            "column": 2
          },
          "end": {
            "line": 8,
            "column": 3
          }
        },
        "type": "if",
        "locations": [
          {
            "start": {
              "line": 6,
              "column": 2
            },
            "end": {
              "line": 8,
              "column": 3
            }
          },
          {
            "start": {},
            "end": {}
          }
        ],
        "line": 6
      },
      "2": {
        "loc": {
          "start": {
            "line": 109,
            "column": 0
          },
          "end": {
            "line": 125,
            "column": 1
          }
        },
        "type": "if",
        "locations": [
          {
            "start": {
              "line": 109,
              "column": 0
            },
            "end": {
              "line": 125,
              "column": 1
            }
          },
          {
            "start": {},
            "end": {}
          }
        ],
        "line": 109
      },
      "3": {
        "loc": {
          "start": {
            "line": 118,
            "column": 6
          },
          "end": {
            "line": 119,
            "column": 15
          }
        },
        "type": "if",
        "locations": [
          {
            "start": {
              "line": 118,
              "column": 6
            },
            "end": {
[...]
      "names": [
        "Header",
        "Form",
        "FormCard",
        "useAppSelector",
        "FormPage",
        "_s",
        "products",
        "state",
        "formSlice",
        "map",
        "el",
        "id",
        "_c",
        "$RefreshReg$"
      ],
      "sources": [
        "/Users/vladimirorlov/Desktop/react-rsschool/rs-react/src/pages/FormPage/FormPage.tsx"
      ],
      "file": "/Users/vladimirorlov/Desktop/react-rsschool/rs-react/src/pages/FormPage/FormPage.tsx"
    },
    "_coverageSchema": "1a1c01bbd47fc00a2c39e90264f33305004495a9",
    "hash": "218b1d706f9a74ae5da84648ea0fa1d93a430122"
  },
  "/Users/vladimirorlov/Desktop/react-rsschool/rs-react/src/App.tsx": {
    "path": "/Users/vladimirorlov/Desktop/react-rsschool/rs-react/src/App.tsx",
    "statementMap": {
      "0": {
        "start": {
          "line": 5,
          "column": 0
        },
        "end": {
          "line": 15,
          "column": 1
        }
      },
      "1": {
        "start": {
          "line": 6,
          "column": 2
        },
        "end": {
          "line": 8,
          "column": 3
        }
      },
      "2": {
        "start": {
          "line": 7,
          "column": 4
        },
        "end": {
          "line": 7,
          "column": 165
        }
      },
      "3": {
        "start": {
          "line": 9,
          "column": 2
        },
        "end": {
          "line": 9,
          "column": 39
        }
      },
      "4": {
        "start": {
          "line": 10,
          "column": 2
        },
        "end": {
          "line": 10,
          "column": 39
        }
      },
      "5": {
        "start": {
          "line": 11,
          "column": 2
        },
        "end": {
          "line": 13,
          "column": 4
        }
      },
      "6": {
        "start": {
          "line": 12,
          "column": 4
        },
        "end": {
          "line": 12,
          "column": 108
        }
      },
      "7": {
        "start": {
          "line": 14,
          "column": 2
        },
        "end": {
          "line": 14,
          "column": 75
        }
      },
      "8": {
        "start": {
          "line": 22,
          "column": 12
        },
        "end": {
          "line": 65,
          "column": 1
        }
      },
      "9": {
        "start": {
          "line": 23,
          "column": 2
        },
        "end": {
          "line": 64,
          "column": 11
        }
      },
      "10": {
        "start": {
          "line": 66,
          "column": 0
        },
        "end": {
          "line": 66,
          "column": 9
        }
      },
      "11": {
        "start": {
          "line": 69,
          "column": 0
        },
        "end": {
          "line": 69,
          "column": 24
        }
      },
      "12": {
        "start": {
          "line": 70,
          "column": 0
        },
        "end": {
          "line": 86,
          "column": 1
        }
      },
      "13": {
        "start": {
          "line": 71,
          "column": 2
        },
        "end": {
          "line": 71,
          "column": 39
        }
      },
      "14": {
        "start": {
          "line": 72,
          "column": 2
        },
        "end": {
          "line": 72,
          "column": 39
        }
      },
      "15": {
        "start": {
          "line": 73,
          "column": 2
        },
        "end": {
          "line": 85,
          "column": 5
        }
      },
      "16": {
        "start": {
          "line": 77,
          "column": 4
        },
        "end": {
          "line": 77,
          "column": 134
        }
      },
      "17": {
        "start": {
          "line": 78,
          "column": 4
        },
        "end": {
          "line": 84,
          "column": 7
        }
      },
      "18": {
        "start": {
          "line": 79,
          "column": 6
        },
        "end": {
          "line": 80,
          "column": 15
        }
      },
      "19": {
        "start": {
          "line": 80,
          "column": 8
        },
        "end": {
          "line": 80,
          "column": 15
        }
      },
      "20": {
        "start": {
          "line": 81,
          "column": 32
        },
        "end": {
          "line": 81,
          "column": 115
        }
      },
      "21": {
        "start": {
          "line": 82,
          "column": 6
        },
        "end": {
          "line": 83,
          "column": 54
        }
      },
      "22": {
        "start": {
          "line": 83,
          "column": 8
        },
        "end": {
          "line": 83,
          "column": 54
        }
      }
    },
    "fnMap": {
      "0": {
        "name": "(anonymous_0)",
        "decl": {
          "start": {
            "line": 11,
            "column": 24
          },
          "end": {
            "line": 11,
            "column": 25
          }
        },
        "loc": {
          "start": {
            "line": 11,
            "column": 38
          },
          "end": {
            "line": 13,
            "column": 3
          }
        },
        "line": 11
      },
      "1": {
        "name": "(anonymous_1)",
        "decl": {
          "start": {
            "line": 22,
            "column": 12
          },
          "end": {
            "line": 22,
            "column": 13
          }
        },
        "loc": {
          "start": {
            "line": 22,
            "column": 18
          },
          "end": {
            "line": 65,
            "column": 1
          }
        },
        "line": 22
      },
      "2": {
        "name": "(anonymous_2)",
        "decl": {
          "start": {
            "line": 76,
            "column": 9
          },
          "end": {
            "line": 76,
            "column": 10
          }
        },
        "loc": {
          "start": {
            "line": 76,
            "column": 29
          },
          "end": {
            "line": 85,
            "column": 3
          }
        },
        "line": 76
      },
      "3": {
        "name": "(anonymous_3)",
        "decl": {
          "start": {
            "line": 78,
            "column": 27
          },
          "end": {
            "line": 78,
            "column": 28
          }
        },
        "loc": {
          "start": {
            "line": 78,
            "column": 44
          },
          "end": {
            "line": 84,
            "column": 5
          }
        },
        "line": 78
      }
    },
    "branchMap": {
      "0": {
        "loc": {
          "start": {
            "line": 5,
            "column": 0
          },
          "end": {
            "line": 15,
            "column": 1
          }
        },
        "type": "if",
        "locations": [
          {
            "start": {
              "line": 5,
              "column": 0
            },
            "end": {
              "line": 15,
              "column": 1
            }
          },
          {
            "start": {},
            "end": {}
          }
        ],
        "line": 5
      },
      "1": {
        "loc": {
          "start": {
            "line": 6,
            "column": 2
          },
          "end": {
            "line": 8,
            "column": 3
          }
        },
        "type": "if",
        "locations": [
          {
            "start": {
              "line": 6,
              "column": 2
            },
            "end": {
              "line": 8,
              "column": 3
            }
          },
          {
            "start": {},
            "end": {}
          }
        ],
        "line": 6
      },
      "2": {
        "loc": {
          "start": {
            "line": 70,
            "column": 0
          },
          "end": {
            "line": 86,
            "column": 1
          }
        },
        "type": "if",
        "locations": [
          {
            "start": {
              "line": 70,
              "column": 0
            },
            "end": {
              "line": 86,
              "column": 1
            }
          },
          {
            "start": {},
            "end": {}
          }
        ],
        "line": 70
      },
      "3": {
        "loc": {
          "start": {
            "line": 79,
            "column": 6
          },
          "end": {
            "line": 80,
            "column": 15
          }
        },
        "type": "if",
        "locations": [
          {
            "start": {
              "line": 79,
              "column": 6
            },
            "end": {
              "line": 80,
              "column": 15
            }
          },
          {
            "start": {},
            "end": {}
          }
        ],
        "line": 79
      },
      "4": {
        "loc": {
          "start": {
            "line": 82,
            "column": 6
          },
          "end": {
            "line": 83,
            "column": 54
          }
        },
        "type": "if",
        "locations": [
          {
            "start": {
              "line": 82,
              "column": 6
            },
            "end": {
              "line": 83,
              "column": 54
            }
          },
          {
            "start": {},
            "end": {}
          }
        ],
        "line": 82
      }
    },
    "s": {
      "0": 10,
      "1": 10,
      "2": 0,
      "3": 10,
      "4": 10,
      "5": 10,
      "6": 10,
      "7": 10,
      "8": 10,
      "9": 20,
      "10": 10,
      "11": 10,
      "12": 10,
      "13": 10,
      "14": 10,
      "15": 10,
      "16": 7,
      "17": 7,
      "18": 0,
      "19": 0,
      "20": 0,
      "21": 0,
      "22": 0
    },
    "f": {
      "0": 10,
      "1": 20,
      "2": 7,
      "3": 0
    },
    "b": {
      "0": [
        10,
        0
      ],
      "1": [
        0,
        10
      ],
      "2": [
        10,
        0
      ],
      "3": [
        0,
        0
      ],
      "4": [
        0,
        0
      ]
    },
    "inputSourceMap": {
      "version": 3,
      "mappings": "AAW+B;AAX/B,OAAOA,oBAAkB;AAAA;AAAA;AAAA;AAAA;AAAA;AAAA;AAAA;AAAA;AAAA;AAAA;AAAA;AAAA;AAAA;AACzB,SAASC,QAAQC,aAAa;AAC9B,SAASC,gBAAgB;AACzB,SAASC,iBAAiB;AAC1B,SAASC,mBAAmB;AAC5B,SAASC,gBAAgB;AACzB,OAAO;AAEP,MAAMC,MAAMA,MAAM;AAChB,SACE,uBAAC,UACC;AAAA,2BAAC,SAAM,MAAK,KAAI,SAAS,uBAAC,cAAD;AAAA;AAAA;AAAA;AAAA,WAAS,KAAlC;AAAA;AAAA;AAAA;AAAA,WAAsC;AAAA,IACtC,uBAAC,SAAM,MAAK,UAAS,SAAS,uBAAC,iBAAD;AAAA;AAAA;AAAA;AAAA,WAAY,KAA1C;AAAA;AAAA;AAAA;AAAA,WAA8C;AAAA,IAC9C,uBAAC,SAAM,MAAK,SAAQ,SAAS,uBAAC,cAAD;AAAA;AAAA;AAAA;AAAA,WAAS,KAAtC;AAAA;AAAA;AAAA;AAAA,WAA0C;AAAA,IAC1C,uBAAC,SAAM,MAAK,KAAI,SAAS,uBAAC,eAAD;AAAA;AAAA;AAAA;AAAA,WAAU,KAAnC;AAAA;AAAA;AAAA;AAAA,WAAuC;AAAA,OAJzC;AAAA;AAAA;AAAA;AAAA,SAKA;AAEJ;AAAEC,KATID;AAWN,eAAeA;AAAI;AAAAE",
      "names": [
        "React",
        "Routes",
        "Route",
        "HomePage",
        "ErrorPage",
        "AboutUsPage",
        "FormPage",
        "App",
        "_c",
        "$RefreshReg$"
      ],
      "sources": [
        "/Users/vladimirorlov/Desktop/react-rsschool/rs-react/src/App.tsx"
      ],
      "file": "/Users/vladimirorlov/Desktop/react-rsschool/rs-react/src/App.tsx"
    },
    "_coverageSchema": "1a1c01bbd47fc00a2c39e90264f33305004495a9",
    "hash": "7e2efd0bf8e111c0061d35d7a1ce98c404b56b47"
  },
  "/Users/vladimirorlov/Desktop/react-rsschool/rs-react/src/store/store.ts": {
    "path": "/Users/vladimirorlov/Desktop/react-rsschool/rs-react/src/store/store.ts",
    "statementMap": {
      "0": {
        "start": {
          "line": 6,
          "column": 14
        },
        "end": {
          "line": 14,
          "column": 2
        }
      },
      "1": {
        "start": {
          "line": 13,
          "column": 40
        },
        "end": {
          "line": 13,
          "column": 90
        }
      }
    },
    "fnMap": {
      "0": {
        "name": "(anonymous_0)",
        "decl": {
          "start": {
            "line": 13,
            "column": 14
          },
          "end": {
            "line": 13,
            "column": 15
          }
        },
        "loc": {
          "start": {
            "line": 13,
            "column": 40
          },
          "end": {
            "line": 13,
            "column": 90
          }
        },
        "line": 13
      }
    },
    "branchMap": {},
    "s": {
      "0": 10,
      "1": 10
    },
    "f": {
      "0": 10
    },
    "b": {},
    "inputSourceMap": {
      "version": 3,
      "sources": [
        "/Users/vladimirorlov/Desktop/react-rsschool/rs-react/src/store/store.ts"
      ],
      "mappings": "AAAA,SAAS,sBAAsB;AAC/B,OAAO,iBAAiB;AACxB,OAAO,gBAAgB;AACvB,OAAO,eAAe;AACtB,SAAS,gBAAgB;AAEzB,MAAM,QAAQ,eAAe;AAAA,EAC3B,SAAS;AAAA,IACP;AAAA,IACA;AAAA,IACA;AAAA,IACA,CAAC,SAAS,WAAW,GAAG,SAAS;AAAA,EACnC;AAAA,EACA,YAAY,CAAC,yBAAyB,qBAAqB,EAAE,OAAO,SAAS,UAAU;AACzF,CAAC;AAID,eAAe;",
      "names": []
    },
    "_coverageSchema": "1a1c01bbd47fc00a2c39e90264f33305004495a9",
    "hash": "1e9d65e575552a37cd33e8f9a5cc0e3ad1eaaa42"
  },
  "/Users/vladimirorlov/Desktop/react-rsschool/rs-react/src/entry-client.tsx": {
    "path": "/Users/vladimirorlov/Desktop/react-rsschool/rs-react/src/entry-client.tsx",
    "statementMap": {
      "0": {
        "start": {
          "line": 9,
          "column": 16
        },
        "end": {
          "line": 9,
          "column": 47
        }
      },
      "1": {
        "start": {
          "line": 10,
          "column": 0
        },
        "end": {
          "line": 26,
          "column": 10
        }
      }
    },
    "fnMap": {},
    "branchMap": {},
    "s": {
      "0": 10,
      "1": 10
    },
    "f": {},
    "b": {},
    "inputSourceMap": {
      "version": 3,
      "mappings": "AAcQ;AAdR,OAAO;AACP,OAAOA,WAAW;AAClB,OAAOC,SAAS;AAChB,SAASC,gBAAgB;AACzB,OAAOC,WAAW;AAClB,SAASC,qBAAqB;AAC9B,SAASC,mBAAmB;AAE5B,MAAMC,UAAUC,SAASC,eAAe,MAAM;AAC9CH,YACEC,SACA,uBAAC,MAAM,YAAN,EACC,iCAAC,YAAS,OACR,iCAAC,iBACC,iCAAC,SAAD;AAAA;AAAA;AAAA;AAAA,OAAI,KADN;AAAA;AAAA;AAAA;AAAA,OAEA,KAHF;AAAA;AAAA;AAAA;AAAA,OAIA,KALF;AAAA;AAAA;AAAA;AAAA,OAMA,CAAmB",
      "names": [
        "React",
        "App",
        "Provider",
        "store",
        "BrowserRouter",
        "hydrateRoot",
        "domNode",
        "document",
        "getElementById"
      ],
      "sources": [
        "/Users/vladimirorlov/Desktop/react-rsschool/rs-react/src/entry-client.tsx"
      ],
      "file": "/Users/vladimirorlov/Desktop/react-rsschool/rs-react/src/entry-client.tsx"
    },
    "_coverageSchema": "1a1c01bbd47fc00a2c39e90264f33305004495a9",
    "hash": "f4809f32b6d03d16373056873d88d3abf6bd668b"
  },
  "/Users/vladimirorlov/Desktop/react-rsschool/rs-react/src/common/data.ts": {
    "path": "/Users/vladimirorlov/Desktop/react-rsschool/rs-react/src/common/data.ts",
    "statementMap": {},
    "fnMap": {},
    "branchMap": {},
    "s": {},
    "f": {},
    "b": {}
  },
  "/Users/vladimirorlov/Desktop/react-rsschool/rs-react/src/common/interface.ts": {
    "path": "/Users/vladimirorlov/Desktop/react-rsschool/rs-react/src/common/interface.ts",
    "statementMap": {},
    "fnMap": {},
    "branchMap": {},
    "s": {},
    "f": {},
    "b": {}
  },
  "/Users/vladimirorlov/Desktop/react-rsschool/rs-react/src/App.test.tsx": {
    "path": "/Users/vladimirorlov/Desktop/react-rsschool/rs-react/src/App.test.tsx",
    "statementMap": {},
    "fnMap": {},
    "branchMap": {},
    "s": {},
    "f": {},
    "b": {}
  },
  "/Users/vladimirorlov/Desktop/react-rsschool/rs-react/src/entry-server.tsx": {
    "path": "/Users/vladimirorlov/Desktop/react-rsschool/rs-react/src/entry-server.tsx",
    "statementMap": {},
    "fnMap": {},
    "branchMap": {},
    "s": {},
    "f": {},
    "b": {}
  },
  "/Users/vladimirorlov/Desktop/react-rsschool/rs-react/src/index.tsx": {
    "path": "/Users/vladimirorlov/Desktop/react-rsschool/rs-react/src/index.tsx",
    "statementMap": {},
    "fnMap": {},
    "branchMap": {},
    "s": {},
    "f": {},
    "b": {}
  },
  "/Users/vladimirorlov/Desktop/react-rsschool/rs-react/src/components/Card/Card.test.tsx": {
    "path": "/Users/vladimirorlov/Desktop/react-rsschool/rs-react/src/components/Card/Card.test.tsx",
    "statementMap": {},
    "fnMap": {},
    "branchMap": {},
    "s": {},
    "f": {},
    "b": {}
  },
  "/Users/vladimirorlov/Desktop/react-rsschool/rs-react/src/components/Form/Form.test.tsx": {
    "path": "/Users/vladimirorlov/Desktop/react-rsschool/rs-react/src/components/Form/Form.test.tsx",
    "statementMap": {},
    "fnMap": {},
    "branchMap": {},
    "s": {},
    "f": {},
    "b": {}
  },
  "/Users/vladimirorlov/Desktop/react-rsschool/rs-react/src/components/FormCard/FormCard.test.tsx": {
    "path": "/Users/vladimirorlov/Desktop/react-rsschool/rs-react/src/components/FormCard/FormCard.test.tsx",
    "statementMap": {},
    "fnMap": {},
    "branchMap": {},
    "s": {},
    "f": {},
    "b": {}
  },
  "/Users/vladimirorlov/Desktop/react-rsschool/rs-react/src/components/Loader/Loader.test.tsx": {
    "path": "/Users/vladimirorlov/Desktop/react-rsschool/rs-react/src/components/Loader/Loader.test.tsx",
    "statementMap": {},
    "fnMap": {},
    "branchMap": {},
    "s": {},
    "f": {},
    "b": {}
  },
  "/Users/vladimirorlov/Desktop/react-rsschool/rs-react/src/components/ModalCard/ModalCard.test.tsx": {
    "path": "/Users/vladimirorlov/Desktop/react-rsschool/rs-react/src/components/ModalCard/ModalCard.test.tsx",
    "statementMap": {},
    "fnMap": {},
    "branchMap": {},
    "s": {},
    "f": {},
    "b": {}
  },
  "/Users/vladimirorlov/Desktop/react-rsschool/rs-react/src/components/ModalWindow/ModalWindow.test.tsx": {
    "path": "/Users/vladimirorlov/Desktop/react-rsschool/rs-react/src/components/ModalWindow/ModalWindow.test.tsx",
    "statementMap": {},
    "fnMap": {},
    "branchMap": {},
    "s": {},
    "f": {},
    "b": {}
  },
  "/Users/vladimirorlov/Desktop/react-rsschool/rs-react/src/components/Search/Search.test.tsx": {
    "path": "/Users/vladimirorlov/Desktop/react-rsschool/rs-react/src/components/Search/Search.test.tsx",
    "statementMap": {},
    "fnMap": {},
    "branchMap": {},
    "s": {},
    "f": {},
    "b": {}
  },
  "/Users/vladimirorlov/Desktop/react-rsschool/rs-react/src/pages/AboutUsPage/AboutUsPage.test.tsx": {
    "path": "/Users/vladimirorlov/Desktop/react-rsschool/rs-react/src/pages/AboutUsPage/AboutUsPage.test.tsx",
    "statementMap": {},
    "fnMap": {},
    "branchMap": {},
    "s": {},
    "f": {},
    "b": {}
  },
  "/Users/vladimirorlov/Desktop/react-rsschool/rs-react/src/pages/ErrorPage/ErrorPage.test.tsx": {
    "path": "/Users/vladimirorlov/Desktop/react-rsschool/rs-react/src/pages/ErrorPage/ErrorPage.test.tsx",
    "statementMap": {},
    "fnMap": {},
    "branchMap": {},
    "s": {},
    "f": {},
    "b": {}
  },
  "/Users/vladimirorlov/Desktop/react-rsschool/rs-react/src/pages/FormPage/FormPage.test.tsx": {
    "path": "/Users/vladimirorlov/Desktop/react-rsschool/rs-react/src/pages/FormPage/FormPage.test.tsx",
    "statementMap": {},
    "fnMap": {},
    "branchMap": {},
    "s": {},
    "f": {},
    "b": {}
  },
  "/Users/vladimirorlov/Desktop/react-rsschool/rs-react/src/pages/HomePage/HomePage.test.tsx": {
    "path": "/Users/vladimirorlov/Desktop/react-rsschool/rs-react/src/pages/HomePage/HomePage.test.tsx",
    "statementMap": {},
    "fnMap": {},
    "branchMap": {},
    "s": {},
    "f": {},
    "b": {}
  }
}
