<?xml version="1.0" encoding="UTF-8"?>
<coverage generated="1682863366207" clover="3.2.0">
  <project timestamp="1682863366207" name="All files">
    <metrics statements="116" coveredstatements="88" conditionals="35" coveredconditionals="25" methods="52" coveredmethods="34" elements="203" coveredelements="147" complexity="0" loc="116" ncloc="116" packages="17" files="36" classes="36"/>
    <package name="src">
      <metrics statements="7" coveredstatements="7" conditionals="1" coveredconditionals="1" methods="2" coveredmethods="2"/>
      <file name="App.test.tsx" path="/Users/vladimirorlov/Desktop/react-rsschool/rs-react/src/App.test.tsx">
        <metrics statements="0" coveredstatements="0" conditionals="0" coveredconditionals="0" methods="0" coveredmethods="0"/>
      </file>
      <file name="App.tsx" path="/Users/vladimirorlov/Desktop/react-rsschool/rs-react/src/App.tsx">
        <metrics statements="5" coveredstatements="5" conditionals="1" coveredconditionals="1" methods="2" coveredmethods="2"/>
        <line num="1" count="35" type="cond" truecount="1" falsecount="0"/>
        <line num="9" count="5" type="stmt"/>
        <line num="10" count="10" type="stmt"/>
        <line num="18" count="5" type="stmt"/>
        <line num="20" count="5" type="stmt"/>
      </file>
      <file name="entry-client.tsx" path="/Users/vladimirorlov/Desktop/react-rsschool/rs-react/src/entry-client.tsx">
        <metrics statements="2" coveredstatements="2" conditionals="0" coveredconditionals="0" methods="0" coveredmethods="0"/>
        <line num="9" count="5" type="stmt"/>
        <line num="10" count="5" type="stmt"/>
      </file>
      <file name="entry-server.tsx" path="/Users/vladimirorlov/Desktop/react-rsschool/rs-react/src/entry-server.tsx">
        <metrics statements="0" coveredstatements="0" conditionals="0" coveredconditionals="0" methods="0" coveredmethods="0"/>
      </file>
      <file name="index.tsx" path="/Users/vladimirorlov/Desktop/react-rsschool/rs-react/src/index.tsx">
        <metrics statements="0" coveredstatements="0" conditionals="0" coveredconditionals="0" methods="0" coveredmethods="0"/>
      </file>
    </package>
    <package name="src.common">
      <metrics statements="0" coveredstatements="0" conditionals="0" coveredconditionals="0" methods="0" coveredmethods="0"/>
      <file name="data.ts" path="/Users/vladimirorlov/Desktop/react-rsschool/rs-react/src/common/data.ts">
        <metrics statements="0" coveredstatements="0" conditionals="0" coveredconditionals="0" methods="0" coveredmethods="0"/>
      </file>
      <file name="interface.ts" path="/Users/vladimirorlov/Desktop/react-rsschool/rs-react/src/common/interface.ts">
        <metrics statements="0" coveredstatements="0" conditionals="0" coveredconditionals="0" methods="0" coveredmethods="0"/>
      </file>
    </package>
    <package name="src.components.Card">
      <metrics statements="7" coveredstatements="5" conditionals="0" coveredconditionals="0" methods="3" coveredmethods="2"/>
      <file name="Card.test.tsx" path="/Users/vladimirorlov/Desktop/react-rsschool/rs-react/src/components/Card/Card.test.tsx">
        <metrics statements="0" coveredstatements="0" conditionals="0" coveredconditionals="0" methods="0" coveredmethods="0"/>
      </file>
      <file name="Card.tsx" path="/Users/vladimirorlov/Desktop/react-rsschool/rs-react/src/components/Card/Card.tsx">
        <metrics statements="7" coveredstatements="5" conditionals="0" coveredconditionals="0" methods="3" coveredmethods="2"/>
        <line num="7" count="40" type="stmt"/>
        <line num="8" count="40" type="stmt"/>
        <line num="9" count="40" type="stmt"/>
        <line num="10" count="40" type="stmt"/>
        <line num="15" count="0" type="stmt"/>
        <line num="16" count="0" type="stmt"/>
        <line num="24" count="5" type="stmt"/>
      </file>
    </package>
    <package name="src.components.Form">
      <metrics statements="11" coveredstatements="7" conditionals="12" coveredconditionals="6" methods="3" coveredmethods="2"/>
      <file name="Form.test.tsx" path="/Users/vladimirorlov/Desktop/react-rsschool/rs-react/src/components/Form/Form.test.tsx">
        <metrics statements="0" coveredstatements="0" conditionals="0" coveredconditionals="0" methods="0" coveredmethods="0"/>
      </file>
      <file name="Form.tsx" path="/Users/vladimirorlov/Desktop/react-rsschool/rs-react/src/components/Form/Form.tsx">
        <metrics statements="11" coveredstatements="7" conditionals="12" coveredconditionals="6" methods="3" coveredmethods="2"/>
        <line num="8" count="5" type="stmt"/>
        <line num="9" count="2" type="stmt"/>
        <line num="10" count="2" type="stmt"/>
        <line num="16" count="5" type="stmt"/>
        <line num="18" count="2" type="stmt"/>
        <line num="19" count="0" type="stmt"/>
        <line num="20" count="0" type="stmt"/>
        <line num="32" count="0" type="stmt"/>
        <line num="33" count="0" type="stmt"/>
        <line num="36" count="2" type="stmt"/>
        <line num="144" count="5" type="stmt"/>
      </file>
    </package>
    <package name="src.components.FormCard">
      <metrics statements="4" coveredstatements="3" conditionals="1" coveredconditionals="1" methods="2" coveredmethods="1"/>
      <file name="FormCard.test.tsx" path="/Users/vladimirorlov/Desktop/react-rsschool/rs-react/src/components/FormCard/FormCard.test.tsx">
        <metrics statements="0" coveredstatements="0" conditionals="0" coveredconditionals="0" methods="0" coveredmethods="0"/>
      </file>
      <file name="FormCard.tsx" path="/Users/vladimirorlov/Desktop/react-rsschool/rs-react/src/components/FormCard/FormCard.tsx">
        <metrics statements="4" coveredstatements="3" conditionals="1" coveredconditionals="1" methods="2" coveredmethods="1"/>
        <line num="1" count="35" type="cond" truecount="1" falsecount="0"/>
        <line num="5" count="5" type="stmt"/>
        <line num="6" count="0" type="stmt"/>
        <line num="20" count="5" type="stmt"/>
      </file>
    </package>
    <package name="src.components.Header">
      <metrics statements="8" coveredstatements="8" conditionals="9" coveredconditionals="9" methods="2" coveredmethods="2"/>
      <file name="Header.tsx" path="/Users/vladimirorlov/Desktop/react-rsschool/rs-react/src/components/Header/Header.tsx">
        <metrics statements="8" coveredstatements="8" conditionals="9" coveredconditionals="9" methods="2" coveredmethods="2"/>
        <line num="1" count="35" type="cond" truecount="1" falsecount="0"/>
        <line num="6" count="5" type="stmt"/>
        <line num="7" count="14" type="stmt"/>
        <line num="8" count="14" type="cond" truecount="2" falsecount="0"/>
        <line num="9" count="14" type="cond" truecount="2" falsecount="0"/>
        <line num="10" count="14" type="cond" truecount="4" falsecount="0"/>
        <line num="11" count="14" type="stmt"/>
        <line num="26" count="5" type="stmt"/>
      </file>
    </package>
    <package name="src.components.Loader">
      <metrics statements="5" coveredstatements="4" conditionals="1" coveredconditionals="1" methods="2" coveredmethods="1"/>
      <file name="Loader.test.tsx" path="/Users/vladimirorlov/Desktop/react-rsschool/rs-react/src/components/Loader/Loader.test.tsx">
        <metrics statements="0" coveredstatements="0" conditionals="0" coveredconditionals="0" methods="0" coveredmethods="0"/>
      </file>
      <file name="Loader.tsx" path="/Users/vladimirorlov/Desktop/react-rsschool/rs-react/src/components/Loader/Loader.tsx">
        <metrics statements="5" coveredstatements="4" conditionals="1" coveredconditionals="1" methods="2" coveredmethods="1"/>
        <line num="1" count="35" type="cond" truecount="1" falsecount="0"/>
        <line num="4" count="5" type="stmt"/>
        <line num="5" count="0" type="stmt"/>
        <line num="6" count="5" type="stmt"/>
        <line num="8" count="5" type="stmt"/>
      </file>
    </package>
    <package name="src.components.ModalCard">
      <metrics statements="6" coveredstatements="6" conditionals="0" coveredconditionals="0" methods="3" coveredmethods="3"/>
      <file name="ModalCard.test.tsx" path="/Users/vladimirorlov/Desktop/react-rsschool/rs-react/src/components/ModalCard/ModalCard.test.tsx">
        <metrics statements="0" coveredstatements="0" conditionals="0" coveredconditionals="0" methods="0" coveredmethods="0"/>
      </file>
      <file name="ModalCard.tsx" path="/Users/vladimirorlov/Desktop/react-rsschool/rs-react/src/components/ModalCard/ModalCard.tsx">
        <metrics statements="6" coveredstatements="6" conditionals="0" coveredconditionals="0" methods="3" coveredmethods="3"/>
        <line num="5" count="10" type="stmt"/>
        <line num="6" count="19" type="stmt"/>
        <line num="7" count="10" type="stmt"/>
        <line num="8" count="10" type="stmt"/>
        <line num="23" count="5" type="stmt"/>
        <line num="25" count="5" type="stmt"/>
      </file>
    </package>
    <package name="src.components.ModalWindow">
      <metrics statements="13" coveredstatements="8" conditionals="2" coveredconditionals="1" methods="7" coveredmethods="3"/>
      <file name="ModalWindow.test.tsx" path="/Users/vladimirorlov/Desktop/react-rsschool/rs-react/src/components/ModalWindow/ModalWindow.test.tsx">
        <metrics statements="0" coveredstatements="0" conditionals="0" coveredconditionals="0" methods="0" coveredmethods="0"/>
      </file>
      <file name="ModalWindow.tsx" path="/Users/vladimirorlov/Desktop/react-rsschool/rs-react/src/components/ModalWindow/ModalWindow.tsx">
        <metrics statements="13" coveredstatements="8" conditionals="2" coveredconditionals="1" methods="7" coveredmethods="3"/>
        <line num="10" count="10" type="stmt"/>
        <line num="11" count="19" type="stmt"/>
        <line num="12" count="10" type="stmt"/>
        <line num="13" count="10" type="cond" truecount="1" falsecount="1"/>
        <line num="15" count="10" type="stmt"/>
        <line num="16" count="0" type="stmt"/>
        <line num="19" count="10" type="stmt"/>
        <line num="23" count="0" type="stmt"/>
        <line num="24" count="0" type="stmt"/>
        <line num="27" count="0" type="stmt"/>
        <line num="31" count="0" type="stmt"/>
        <line num="38" count="5" type="stmt"/>
        <line num="40" count="5" type="stmt"/>
      </file>
    </package>
    <package name="src.components.Search">
      <metrics statements="15" coveredstatements="7" conditionals="1" coveredconditionals="0" methods="6" coveredmethods="3"/>
      <file name="Search.test.tsx" path="/Users/vladimirorlov/Desktop/react-rsschool/rs-react/src/components/Search/Search.test.tsx">
        <metrics statements="0" coveredstatements="0" conditionals="0" coveredconditionals="0" methods="0" coveredmethods="0"/>
      </file>
      <file name="Search.tsx" path="/Users/vladimirorlov/Desktop/react-rsschool/rs-react/src/components/Search/Search.tsx">
        <metrics statements="15" coveredstatements="7" conditionals="1" coveredconditionals="0" methods="6" coveredmethods="3"/>
        <line num="6" count="10" type="stmt"/>
        <line num="7" count="19" type="stmt"/>
        <line num="8" count="10" type="stmt"/>
        <line num="10" count="10" type="stmt"/>
        <line num="11" count="0" type="stmt"/>
        <line num="12" count="0" type="stmt"/>
        <line num="15" count="10" type="stmt"/>
        <line num="16" count="0" type="cond" truecount="0" falsecount="1"/>
        <line num="17" count="0" type="stmt"/>
        <line num="18" count="0" type="stmt"/>
        <line num="19" count="0" type="stmt"/>
        <line num="20" count="0" type="stmt"/>
        <line num="22" count="0" type="stmt"/>
        <line num="26" count="10" type="stmt"/>
        <line num="41" count="5" type="stmt"/>
      </file>
    </package>
    <package name="src.hooks">
      <metrics statements="2" coveredstatements="2" conditionals="0" coveredconditionals="0" methods="1" coveredmethods="1"/>
      <file name="redux.ts" path="/Users/vladimirorlov/Desktop/react-rsschool/rs-react/src/hooks/redux.ts">
        <metrics statements="2" coveredstatements="2" conditionals="0" coveredconditionals="0" methods="1" coveredmethods="1"/>
        <line num="4" count="62" type="stmt"/>
        <line num="5" count="5" type="stmt"/>
      </file>
    </package>
    <package name="src.pages.AboutUsPage">
      <metrics statements="4" coveredstatements="4" conditionals="1" coveredconditionals="1" methods="2" coveredmethods="2"/>
      <file name="AboutUsPage.test.tsx" path="/Users/vladimirorlov/Desktop/react-rsschool/rs-react/src/pages/AboutUsPage/AboutUsPage.test.tsx">
        <metrics statements="0" coveredstatements="0" conditionals="0" coveredconditionals="0" methods="0" coveredmethods="0"/>
      </file>
      <file name="AboutUsPage.tsx" path="/Users/vladimirorlov/Desktop/react-rsschool/rs-react/src/pages/AboutUsPage/AboutUsPage.tsx">
        <metrics statements="4" coveredstatements="4" conditionals="1" coveredconditionals="1" methods="2" coveredmethods="2"/>
        <line num="1" count="35" type="cond" truecount="1" falsecount="0"/>
        <line num="4" count="5" type="stmt"/>
        <line num="5" count="2" type="stmt"/>
        <line num="11" count="5" type="stmt"/>
      </file>
    </package>
    <package name="src.pages.ErrorPage">
      <metrics statements="4" coveredstatements="4" conditionals="1" coveredconditionals="1" methods="2" coveredmethods="2"/>
      <file name="ErrorPage.test.tsx" path="/Users/vladimirorlov/Desktop/react-rsschool/rs-react/src/pages/ErrorPage/ErrorPage.test.tsx">
        <metrics statements="0" coveredstatements="0" conditionals="0" coveredconditionals="0" methods="0" coveredmethods="0"/>
      </file>
      <file name="ErrorPage.tsx" path="/Users/vladimirorlov/Desktop/react-rsschool/rs-react/src/pages/ErrorPage/ErrorPage.tsx">
        <metrics statements="4" coveredstatements="4" conditionals="1" coveredconditionals="1" methods="2" coveredmethods="2"/>
        <line num="1" count="35" type="cond" truecount="1" falsecount="0"/>
        <line num="5" count="5" type="stmt"/>
        <line num="6" count="2" type="stmt"/>
        <line num="18" count="5" type="stmt"/>
      </file>
    </package>
    <package name="src.pages.FormPage">
      <metrics statements="5" coveredstatements="4" conditionals="0" coveredconditionals="0" methods="4" coveredmethods="3"/>
      <file name="FormPage.test.tsx" path="/Users/vladimirorlov/Desktop/react-rsschool/rs-react/src/pages/FormPage/FormPage.test.tsx">
        <metrics statements="0" coveredstatements="0" conditionals="0" coveredconditionals="0" methods="0" coveredmethods="0"/>
      </file>
      <file name="FormPage.tsx" path="/Users/vladimirorlov/Desktop/react-rsschool/rs-react/src/pages/FormPage/FormPage.tsx">
        <metrics statements="5" coveredstatements="4" conditionals="0" coveredconditionals="0" methods="4" coveredmethods="3"/>
        <line num="9" count="5" type="stmt"/>
        <line num="10" count="5" type="stmt"/>
        <line num="11" count="2" type="stmt"/>
        <line num="17" count="0" type="stmt"/>
        <line num="22" count="5" type="stmt"/>
      </file>
    </package>
    <package name="src.pages.HomePage">
      <metrics statements="6" coveredstatements="6" conditionals="6" coveredconditionals="4" methods="4" coveredmethods="4"/>
      <file name="HomePage.test.tsx" path="/Users/vladimirorlov/Desktop/react-rsschool/rs-react/src/pages/HomePage/HomePage.test.tsx">
        <metrics statements="0" coveredstatements="0" conditionals="0" coveredconditionals="0" methods="0" coveredmethods="0"/>
      </file>
      <file name="HomePage.tsx" path="/Users/vladimirorlov/Desktop/react-rsschool/rs-react/src/pages/HomePage/HomePage.tsx">
        <metrics statements="6" coveredstatements="6" conditionals="6" coveredconditionals="4" methods="4" coveredmethods="4"/>
        <line num="13" count="10" type="stmt"/>
        <line num="14" count="19" type="stmt"/>
        <line num="15" count="10" type="stmt"/>
        <line num="16" count="10" type="stmt"/>
        <line num="28" count="40" type="cond" truecount="2" falsecount="0"/>
        <line num="38" count="5" type="stmt"/>
      </file>
    </package>
    <package name="src.store">
      <metrics statements="2" coveredstatements="2" conditionals="0" coveredconditionals="0" methods="1" coveredmethods="1"/>
      <file name="store.ts" path="/Users/vladimirorlov/Desktop/react-rsschool/rs-react/src/store/store.ts">
        <metrics statements="2" coveredstatements="2" conditionals="0" coveredconditionals="0" methods="1" coveredmethods="1"/>
        <line num="7" count="5" type="stmt"/>
        <line num="14" count="5" type="stmt"/>
      </file>
    </package>
    <package name="src.store.slices">
      <metrics statements="17" coveredstatements="11" conditionals="0" coveredconditionals="0" methods="8" coveredmethods="2"/>
      <file name="apiSlice.ts" path="/Users/vladimirorlov/Desktop/react-rsschool/rs-react/src/store/slices/apiSlice.ts">
        <metrics statements="5" coveredstatements="5" conditionals="0" coveredconditionals="0" methods="2" coveredmethods="2"/>
        <line num="4" count="5" type="stmt"/>
        <line num="16" count="5" type="stmt"/>
        <line num="21" count="5" type="stmt"/>
        <line num="23" count="2" type="stmt"/>
        <line num="33" count="5" type="stmt"/>
      </file>
      <file name="formSlice.ts" path="/Users/vladimirorlov/Desktop/react-rsschool/rs-react/src/store/slices/formSlice.ts">
        <metrics statements="3" coveredstatements="2" conditionals="0" coveredconditionals="0" methods="1" coveredmethods="0"/>
        <line num="4" count="5" type="stmt"/>
        <line num="11" count="0" type="stmt"/>
        <line num="16" count="5" type="stmt"/>
      </file>
      <file name="modalSlice.ts" path="/Users/vladimirorlov/Desktop/react-rsschool/rs-react/src/store/slices/modalSlice.ts">
        <metrics statements="4" coveredstatements="2" conditionals="0" coveredconditionals="0" methods="2" coveredmethods="0"/>
        <line num="4" count="5" type="stmt"/>
        <line num="12" count="0" type="stmt"/>
        <line num="15" count="0" type="stmt"/>
        <line num="20" count="5" type="stmt"/>
      </file>
      <file name="searchSlice.ts" path="/Users/vladimirorlov/Desktop/react-rsschool/rs-react/src/store/slices/searchSlice.ts">
        <metrics statements="5" coveredstatements="2" conditionals="0" coveredconditionals="0" methods="3" coveredmethods="0"/>
        <line num="3" count="5" type="stmt"/>
        <line num="12" count="0" type="stmt"/>
        <line num="15" count="0" type="stmt"/>
        <line num="18" count="0" type="stmt"/>
        <line num="23" count="5" type="stmt"/>
      </file>
    </package>
  </project>
</coverage>
