{"/Users/vladimirorlov/Desktop/react-rsschool/rs-react/src/App.test.tsx": {"path":"/Users/vladimirorlov/Desktop/react-rsschool/rs-react/src/App.test.tsx","statementMap":{},"fnMap":{},"branchMap":{},"s":{},"f":{},"b":{}}
,"/Users/vladimirorlov/Desktop/react-rsschool/rs-react/src/App.tsx": {"path":"/Users/vladimirorlov/Desktop/react-rsschool/rs-react/src/App.tsx","statementMap":{"0":{"start":{"line":1,"column":25},"end":{"line":1,"column":null}},"1":{"start":{"line":9,"column":12},"end":{"line":18,"column":2}},"2":{"start":{"line":10,"column":2},"end":{"line":16,"column":null}},"3":{"start":{"line":18,"column":2},"end":{"line":9,"column":12}},"4":{"start":{"line":20,"column":19},"end":{"line":20,"column":null}}},"fnMap":{"0":{"name":"(anonymous_0)","decl":{"start":{"line":1,"column":25},"end":{"line":1,"column":null}},"loc":{"start":{"line":1,"column":25},"end":{"line":1,"column":null}}},"1":{"name":"(anonymous_1)","decl":{"start":{"line":9,"column":12},"end":{"line":9,"column":18}},"loc":{"start":{"line":9,"column":18},"end":{"line":18,"column":2}}}},"branchMap":{"0":{"loc":{"start":{"line":1,"column":25},"end":{"line":1,"column":null}},"type":"if","locations":[{"start":{"line":1,"column":25},"end":{"line":1,"column":null}}]}},"s":{"0":70,"1":10,"2":20,"3":10,"4":10},"f":{"0":10,"1":20},"b":{"0":[10]}}
,"/Users/vladimirorlov/Desktop/react-rsschool/rs-react/src/entry-client.tsx": {"path":"/Users/vladimirorlov/Desktop/react-rsschool/rs-react/src/entry-client.tsx","statementMap":{"0":{"start":{"line":9,"column":16},"end":{"line":9,"column":null}},"1":{"start":{"line":10,"column":0},"end":{"line":18,"column":null}}},"fnMap":{},"branchMap":{},"s":{"0":10,"1":10},"f":{},"b":{}}
,"/Users/vladimirorlov/Desktop/react-rsschool/rs-react/src/entry-server.tsx": {"path":"/Users/vladimirorlov/Desktop/react-rsschool/rs-react/src/entry-server.tsx","statementMap":{},"fnMap":{},"branchMap":{},"s":{},"f":{},"b":{}}
,"/Users/vladimirorlov/Desktop/react-rsschool/rs-react/src/index.tsx": {"path":"/Users/vladimirorlov/Desktop/react-rsschool/rs-react/src/index.tsx","statementMap":{},"fnMap":{},"branchMap":{},"s":{},"f":{},"b":{}}
,"/Users/vladimirorlov/Desktop/react-rsschool/rs-react/src/common/data.ts": {"path":"/Users/vladimirorlov/Desktop/react-rsschool/rs-react/src/common/data.ts","statementMap":{},"fnMap":{},"branchMap":{},"s":{},"f":{},"b":{}}
,"/Users/vladimirorlov/Desktop/react-rsschool/rs-react/src/common/interface.ts": {"path":"/Users/vladimirorlov/Desktop/react-rsschool/rs-react/src/common/interface.ts","statementMap":{},"fnMap":{},"branchMap":{},"s":{},"f":{},"b":{}}
,"/Users/vladimirorlov/Desktop/react-rsschool/rs-react/src/components/Card/Card.test.tsx": {"path":"/Users/vladimirorlov/Desktop/react-rsschool/rs-react/src/components/Card/Card.test.tsx","statementMap":{},"fnMap":{},"branchMap":{},"s":{},"f":{},"b":{}}
,"/Users/vladimirorlov/Desktop/react-rsschool/rs-react/src/components/Card/Card.tsx": {"path":"/Users/vladimirorlov/Desktop/react-rsschool/rs-react/src/components/Card/Card.tsx","statementMap":{"0":{"start":{"line":7,"column":20},"end":{"line":24,"column":2}},"1":{"start":{"line":7,"column":42},"end":{"line":7,"column":null}},"2":{"start":{"line":8,"column":38},"end":{"line":8,"column":null}},"3":{"start":{"line":9,"column":19},"end":{"line":9,"column":null}},"4":{"start":{"line":10,"column":2},"end":{"line":22,"column":null}},"5":{"start":{"line":15,"column":8},"end":{"line":15,"column":null}},"6":{"start":{"line":16,"column":8},"end":{"line":16,"column":null}},"7":{"start":{"line":24,"column":2},"end":{"line":9,"column":null}},"8":{"start":{"line":7,"column":17},"end":{"line":9,"column":null}},"9":{"start":{"line":9,"column":33},"end":{"line":7,"column":17}},"10":{"start":{"line":7,"column":17},"end":{"line":7,"column":20}}},"fnMap":{"0":{"name":"(anonymous_1)","decl":{"start":{"line":7,"column":20},"end":{"line":7,"column":21}},"loc":{"start":{"line":7,"column":42},"end":{"line":24,"column":2}}},"1":{"name":"(anonymous_2)","decl":{"start":{"line":14,"column":15},"end":{"line":14,"column":21}},"loc":{"start":{"line":14,"column":21},"end":{"line":17,"column":null}}},"2":{"name":"(anonymous_3)","decl":{"start":{"line":7,"column":17},"end":{"line":7,"column":20}},"loc":{"start":{"line":7,"column":17},"end":{"line":9,"column":null}}}},"branchMap":{},"s":{"0":10,"1":40,"2":40,"3":40,"4":40,"5":0,"6":0,"7":10,"8":1,"9":10,"10":10},"f":{"0":40,"1":0,"2":1},"b":{}}
,"/Users/vladimirorlov/Desktop/react-rsschool/rs-react/src/components/Form/Form.test.tsx": {"path":"/Users/vladimirorlov/Desktop/react-rsschool/rs-react/src/components/Form/Form.test.tsx","statementMap":{},"fnMap":{},"branchMap":{},"s":{},"f":{},"b":{}}
,"/Users/vladimirorlov/Desktop/react-rsschool/rs-react/src/components/Form/Form.tsx": {"path":"/Users/vladimirorlov/Desktop/react-rsschool/rs-react/src/components/Form/Form.tsx","statementMap":{"0":{"start":{"line":8,"column":20},"end":{"line":144,"column":2}},"1":{"start":{"line":8,"column":26},"end":{"line":8,"column":null}},"2":{"start":{"line":9,"column":19},"end":{"line":9,"column":null}},"3":{"start":{"line":10,"column":30},"end":{"line":10,"column":null}},"4":{"start":{"line":16,"column":6},"end":{"line":16,"column":null}},"5":{"start":{"line":18,"column":18},"end":{"line":34,"column":null}},"6":{"start":{"line":19,"column":18},"end":{"line":19,"column":null}},"7":{"start":{"line":20,"column":4},"end":{"line":30,"column":null}},"8":{"start":{"line":32,"column":4},"end":{"line":32,"column":null}},"9":{"start":{"line":33,"column":4},"end":{"line":33,"column":null}},"10":{"start":{"line":36,"column":2},"end":{"line":142,"column":null}},"11":{"start":{"line":144,"column":2},"end":{"line":16,"column":26}},"12":{"start":{"line":8,"column":17},"end":{"line":16,"column":26}},"13":{"start":{"line":16,"column":13},"end":{"line":8,"column":17}},"14":{"start":{"line":8,"column":17},"end":{"line":8,"column":20}}},"fnMap":{"0":{"name":"(anonymous_1)","decl":{"start":{"line":8,"column":20},"end":{"line":8,"column":26}},"loc":{"start":{"line":8,"column":26},"end":{"line":144,"column":2}}},"1":{"name":"(anonymous_2)","decl":{"start":{"line":18,"column":18},"end":{"line":18,"column":19}},"loc":{"start":{"line":18,"column":40},"end":{"line":34,"column":null}}},"2":{"name":"(anonymous_3)","decl":{"start":{"line":8,"column":17},"end":{"line":8,"column":20}},"loc":{"start":{"line":8,"column":17},"end":{"line":16,"column":26}}}},"branchMap":{"0":{"loc":{"start":{"line":54,"column":13},"end":{"line":55,"column":null}},"type":"binary-expr","locations":[{"start":{"line":54,"column":13},"end":{"line":54,"column":null}},{"start":{"line":55,"column":14},"end":{"line":55,"column":null}}]},"1":{"loc":{"start":{"line":77,"column":13},"end":{"line":77,"column":null}},"type":"binary-expr","locations":[{"start":{"line":77,"column":13},"end":{"line":77,"column":32}},{"start":{"line":77,"column":32},"end":{"line":77,"column":null}}]},"2":{"loc":{"start":{"line":92,"column":13},"end":{"line":92,"column":null}},"type":"binary-expr","locations":[{"start":{"line":92,"column":13},"end":{"line":92,"column":29}},{"start":{"line":92,"column":29},"end":{"line":92,"column":null}}]},"3":{"loc":{"start":{"line":121,"column":11},"end":{"line":121,"column":null}},"type":"binary-expr","locations":[{"start":{"line":121,"column":11},"end":{"line":121,"column":27}},{"start":{"line":121,"column":27},"end":{"line":121,"column":null}}]},"4":{"loc":{"start":{"line":122,"column":11},"end":{"line":122,"column":null}},"type":"binary-expr","locations":[{"start":{"line":122,"column":11},"end":{"line":122,"column":27}},{"start":{"line":122,"column":27},"end":{"line":122,"column":null}}]},"5":{"loc":{"start":{"line":136,"column":11},"end":{"line":136,"column":null}},"type":"binary-expr","locations":[{"start":{"line":136,"column":11},"end":{"line":136,"column":27}},{"start":{"line":136,"column":27},"end":{"line":136,"column":null}}]}},"s":{"0":10,"1":4,"2":4,"3":4,"4":4,"5":4,"6":0,"7":0,"8":0,"9":0,"10":4,"11":10,"12":2,"13":10,"14":10},"f":{"0":4,"1":0,"2":2},"b":{"0":[4,0],"1":[4,0],"2":[4,0],"3":[4,0],"4":[4,0],"5":[4,0]}}
,"/Users/vladimirorlov/Desktop/react-rsschool/rs-react/src/components/FormCard/FormCard.test.tsx": {"path":"/Users/vladimirorlov/Desktop/react-rsschool/rs-react/src/components/FormCard/FormCard.test.tsx","statementMap":{},"fnMap":{},"branchMap":{},"s":{},"f":{},"b":{}}
,"/Users/vladimirorlov/Desktop/react-rsschool/rs-react/src/components/FormCard/FormCard.tsx": {"path":"/Users/vladimirorlov/Desktop/react-rsschool/rs-react/src/components/FormCard/FormCard.tsx","statementMap":{"0":{"start":{"line":1,"column":45},"end":{"line":1,"column":null}},"1":{"start":{"line":5,"column":24},"end":{"line":20,"column":2}},"2":{"start":{"line":6,"column":2},"end":{"line":18,"column":null}},"3":{"start":{"line":20,"column":2},"end":{"line":5,"column":21}},"4":{"start":{"line":5,"column":21},"end":{"line":5,"column":24}}},"fnMap":{"0":{"name":"(anonymous_0)","decl":{"start":{"line":1,"column":45},"end":{"line":1,"column":null}},"loc":{"start":{"line":1,"column":45},"end":{"line":1,"column":null}}},"1":{"name":"(anonymous_1)","decl":{"start":{"line":5,"column":24},"end":{"line":5,"column":25}},"loc":{"start":{"line":5,"column":88},"end":{"line":20,"column":2}}}},"branchMap":{"0":{"loc":{"start":{"line":1,"column":45},"end":{"line":1,"column":null}},"type":"if","locations":[{"start":{"line":1,"column":45},"end":{"line":1,"column":null}}]}},"s":{"0":70,"1":10,"2":0,"3":10,"4":10},"f":{"0":10,"1":0},"b":{"0":[10]}}
,"/Users/vladimirorlov/Desktop/react-rsschool/rs-react/src/components/Header/Header.tsx": {"path":"/Users/vladimirorlov/Desktop/react-rsschool/rs-react/src/components/Header/Header.tsx","statementMap":{"0":{"start":{"line":1,"column":25},"end":{"line":1,"column":null}},"1":{"start":{"line":6,"column":22},"end":{"line":26,"column":2}},"2":{"start":{"line":7,"column":42},"end":{"line":7,"column":null}},"3":{"start":{"line":8,"column":28},"end":{"line":8,"column":null}},"4":{"start":{"line":9,"column":29},"end":{"line":9,"column":null}},"5":{"start":{"line":10,"column":28},"end":{"line":10,"column":null}},"6":{"start":{"line":11,"column":2},"end":{"line":24,"column":null}},"7":{"start":{"line":26,"column":2},"end":{"line":6,"column":19}},"8":{"start":{"line":6,"column":19},"end":{"line":6,"column":22}}},"fnMap":{"0":{"name":"(anonymous_0)","decl":{"start":{"line":1,"column":25},"end":{"line":1,"column":null}},"loc":{"start":{"line":1,"column":25},"end":{"line":1,"column":null}}},"1":{"name":"(anonymous_1)","decl":{"start":{"line":6,"column":22},"end":{"line":6,"column":23}},"loc":{"start":{"line":6,"column":46},"end":{"line":26,"column":2}}}},"branchMap":{"0":{"loc":{"start":{"line":1,"column":25},"end":{"line":1,"column":null}},"type":"if","locations":[{"start":{"line":1,"column":25},"end":{"line":1,"column":null}}]},"1":{"loc":{"start":{"line":8,"column":28},"end":{"line":8,"column":null}},"type":"cond-expr","locations":[{"start":{"line":8,"column":43},"end":{"line":8,"column":66}},{"start":{"line":8,"column":66},"end":{"line":8,"column":null}}]},"2":{"loc":{"start":{"line":9,"column":29},"end":{"line":9,"column":null}},"type":"cond-expr","locations":[{"start":{"line":9,"column":45},"end":{"line":9,"column":68}},{"start":{"line":9,"column":68},"end":{"line":9,"column":null}}]},"3":{"loc":{"start":{"line":10,"column":28},"end":{"line":10,"column":null}},"type":"cond-expr","locations":[{"start":{"line":10,"column":62},"end":{"line":10,"column":85}},{"start":{"line":10,"column":85},"end":{"line":10,"column":null}}]},"4":{"loc":{"start":{"line":10,"column":28},"end":{"line":10,"column":62}},"type":"binary-expr","locations":[{"start":{"line":10,"column":28},"end":{"line":10,"column":45}},{"start":{"line":10,"column":45},"end":{"line":10,"column":62}}]}},"s":{"0":70,"1":10,"2":26,"3":26,"4":26,"5":26,"6":26,"7":10,"8":10},"f":{"0":10,"1":26},"b":{"0":[10],"1":[18,8],"2":[4,22],"3":[4,22],"4":[26,8]}}
,"/Users/vladimirorlov/Desktop/react-rsschool/rs-react/src/components/Loader/Loader.test.tsx": {"path":"/Users/vladimirorlov/Desktop/react-rsschool/rs-react/src/components/Loader/Loader.test.tsx","statementMap":{},"fnMap":{},"branchMap":{},"s":{},"f":{},"b":{}}
,"/Users/vladimirorlov/Desktop/react-rsschool/rs-react/src/components/Loader/Loader.tsx": {"path":"/Users/vladimirorlov/Desktop/react-rsschool/rs-react/src/components/Loader/Loader.tsx","statementMap":{"0":{"start":{"line":1,"column":25},"end":{"line":1,"column":null}},"1":{"start":{"line":4,"column":15},"end":{"line":6,"column":2}},"2":{"start":{"line":5,"column":2},"end":{"line":5,"column":null}},"3":{"start":{"line":6,"column":2},"end":{"line":4,"column":15}},"4":{"start":{"line":8,"column":22},"end":{"line":8,"column":null}}},"fnMap":{"0":{"name":"(anonymous_0)","decl":{"start":{"line":1,"column":25},"end":{"line":1,"column":null}},"loc":{"start":{"line":1,"column":25},"end":{"line":1,"column":null}}},"1":{"name":"(anonymous_1)","decl":{"start":{"line":4,"column":15},"end":{"line":4,"column":21}},"loc":{"start":{"line":4,"column":21},"end":{"line":6,"column":2}}}},"branchMap":{"0":{"loc":{"start":{"line":1,"column":25},"end":{"line":1,"column":null}},"type":"if","locations":[{"start":{"line":1,"column":25},"end":{"line":1,"column":null}}]}},"s":{"0":70,"1":10,"2":0,"3":10,"4":10},"f":{"0":10,"1":0},"b":{"0":[10]}}
,"/Users/vladimirorlov/Desktop/react-rsschool/rs-react/src/components/ModalCard/ModalCard.test.tsx": {"path":"/Users/vladimirorlov/Desktop/react-rsschool/rs-react/src/components/ModalCard/ModalCard.test.tsx","statementMap":{},"fnMap":{},"branchMap":{},"s":{},"f":{},"b":{}}
,"/Users/vladimirorlov/Desktop/react-rsschool/rs-react/src/components/ModalCard/ModalCard.tsx": {"path":"/Users/vladimirorlov/Desktop/react-rsschool/rs-react/src/components/ModalCard/ModalCard.tsx","statementMap":{"0":{"start":{"line":5,"column":18},"end":{"line":23,"column":2}},"1":{"start":{"line":5,"column":24},"end":{"line":5,"column":null}},"2":{"start":{"line":6,"column":24},"end":{"line":6,"column":null}},"3":{"start":{"line":6,"column":50},"end":{"line":6,"column":66}},"4":{"start":{"line":7,"column":65},"end":{"line":7,"column":null}},"5":{"start":{"line":8,"column":2},"end":{"line":21,"column":null}},"6":{"start":{"line":23,"column":2},"end":{"line":6,"column":40}},"7":{"start":{"line":5,"column":15},"end":{"line":6,"column":40}},"8":{"start":{"line":6,"column":38},"end":{"line":5,"column":15}},"9":{"start":{"line":25,"column":25},"end":{"line":25,"column":null}}},"fnMap":{"0":{"name":"(anonymous_1)","decl":{"start":{"line":5,"column":18},"end":{"line":5,"column":24}},"loc":{"start":{"line":5,"column":24},"end":{"line":23,"column":2}}},"1":{"name":"(anonymous_2)","decl":{"start":{"line":6,"column":40},"end":{"line":6,"column":50}},"loc":{"start":{"line":6,"column":50},"end":{"line":6,"column":66}}},"2":{"name":"(anonymous_3)","decl":{"start":{"line":5,"column":15},"end":{"line":5,"column":18}},"loc":{"start":{"line":5,"column":15},"end":{"line":6,"column":40}}}},"branchMap":{},"s":{"0":10,"1":18,"2":18,"3":35,"4":18,"5":18,"6":10,"7":4,"8":10,"9":10},"f":{"0":18,"1":35,"2":4},"b":{}}
,"/Users/vladimirorlov/Desktop/react-rsschool/rs-react/src/components/ModalWindow/ModalWindow.test.tsx": {"path":"/Users/vladimirorlov/Desktop/react-rsschool/rs-react/src/components/ModalWindow/ModalWindow.test.tsx","statementMap":{},"fnMap":{},"branchMap":{},"s":{},"f":{},"b":{}}
,"/Users/vladimirorlov/Desktop/react-rsschool/rs-react/src/components/ModalWindow/ModalWindow.tsx": {"path":"/Users/vladimirorlov/Desktop/react-rsschool/rs-react/src/components/ModalWindow/ModalWindow.tsx","statementMap":{"0":{"start":{"line":10,"column":20},"end":{"line":38,"column":2}},"1":{"start":{"line":10,"column":51},"end":{"line":10,"column":null}},"2":{"start":{"line":11,"column":28},"end":{"line":11,"column":null}},"3":{"start":{"line":11,"column":54},"end":{"line":11,"column":70}},"4":{"start":{"line":12,"column":19},"end":{"line":12,"column":null}},"5":{"start":{"line":13,"column":22},"end":{"line":13,"column":null}},"6":{"start":{"line":15,"column":23},"end":{"line":17,"column":null}},"7":{"start":{"line":16,"column":4},"end":{"line":16,"column":null}},"8":{"start":{"line":19,"column":2},"end":{"line":36,"column":null}},"9":{"start":{"line":23,"column":8},"end":{"line":23,"column":null}},"10":{"start":{"line":24,"column":8},"end":{"line":24,"column":null}},"11":{"start":{"line":27,"column":56},"end":{"line":27,"column":null}},"12":{"start":{"line":31,"column":12},"end":{"line":31,"column":null}},"13":{"start":{"line":38,"column":2},"end":{"line":12,"column":null}},"14":{"start":{"line":10,"column":17},"end":{"line":12,"column":null}},"15":{"start":{"line":12,"column":33},"end":{"line":10,"column":17}},"16":{"start":{"line":40,"column":27},"end":{"line":40,"column":null}}},"fnMap":{"0":{"name":"(anonymous_1)","decl":{"start":{"line":10,"column":20},"end":{"line":10,"column":21}},"loc":{"start":{"line":10,"column":51},"end":{"line":38,"column":2}}},"1":{"name":"(anonymous_2)","decl":{"start":{"line":11,"column":44},"end":{"line":11,"column":54}},"loc":{"start":{"line":11,"column":54},"end":{"line":11,"column":70}}},"2":{"name":"(anonymous_3)","decl":{"start":{"line":15,"column":23},"end":{"line":15,"column":29}},"loc":{"start":{"line":15,"column":29},"end":{"line":17,"column":null}}},"3":{"name":"(anonymous_4)","decl":{"start":{"line":22,"column":16},"end":{"line":22,"column":23}},"loc":{"start":{"line":22,"column":23},"end":{"line":25,"column":null}}},"4":{"name":"(anonymous_5)","decl":{"start":{"line":27,"column":50},"end":{"line":27,"column":56}},"loc":{"start":{"line":27,"column":56},"end":{"line":27,"column":null}}},"5":{"name":"(anonymous_6)","decl":{"start":{"line":30,"column":19},"end":{"line":30,"column":25}},"loc":{"start":{"line":30,"column":25},"end":{"line":32,"column":null}}},"6":{"name":"(anonymous_7)","decl":{"start":{"line":10,"column":17},"end":{"line":10,"column":20}},"loc":{"start":{"line":10,"column":17},"end":{"line":12,"column":null}}}},"branchMap":{"0":{"loc":{"start":{"line":13,"column":22},"end":{"line":13,"column":null}},"type":"cond-expr","locations":[{"start":{"line":13,"column":38},"end":{"line":13,"column":56}},{"start":{"line":13,"column":56},"end":{"line":13,"column":null}}]}},"s":{"0":10,"1":18,"2":18,"3":35,"4":18,"5":18,"6":18,"7":0,"8":18,"9":0,"10":0,"11":0,"12":0,"13":10,"14":4,"15":10,"16":10},"f":{"0":18,"1":35,"2":0,"3":0,"4":0,"5":0,"6":4},"b":{"0":[0,18]}}
,"/Users/vladimirorlov/Desktop/react-rsschool/rs-react/src/components/Search/Search.test.tsx": {"path":"/Users/vladimirorlov/Desktop/react-rsschool/rs-react/src/components/Search/Search.test.tsx","statementMap":{},"fnMap":{},"branchMap":{},"s":{},"f":{},"b":{}}
,"/Users/vladimirorlov/Desktop/react-rsschool/rs-react/src/components/Search/Search.tsx": {"path":"/Users/vladimirorlov/Desktop/react-rsschool/rs-react/src/components/Search/Search.tsx","statementMap":{"0":{"start":{"line":6,"column":22},"end":{"line":41,"column":2}},"1":{"start":{"line":6,"column":28},"end":{"line":6,"column":null}},"2":{"start":{"line":7,"column":19},"end":{"line":7,"column":null}},"3":{"start":{"line":7,"column":45},"end":{"line":7,"column":62}},"4":{"start":{"line":8,"column":19},"end":{"line":8,"column":null}},"5":{"start":{"line":10,"column":25},"end":{"line":13,"column":null}},"6":{"start":{"line":11,"column":4},"end":{"line":11,"column":null}},"7":{"start":{"line":12,"column":4},"end":{"line":12,"column":null}},"8":{"start":{"line":15,"column":24},"end":{"line":24,"column":null}},"9":{"start":{"line":16,"column":4},"end":{"line":23,"column":null}},"10":{"start":{"line":17,"column":6},"end":{"line":21,"column":null}},"11":{"start":{"line":18,"column":8},"end":{"line":18,"column":null}},"12":{"start":{"line":19,"column":8},"end":{"line":19,"column":null}},"13":{"start":{"line":20,"column":8},"end":{"line":20,"column":null}},"14":{"start":{"line":22,"column":6},"end":{"line":22,"column":null}},"15":{"start":{"line":26,"column":2},"end":{"line":39,"column":null}},"16":{"start":{"line":41,"column":2},"end":{"line":8,"column":null}},"17":{"start":{"line":6,"column":19},"end":{"line":8,"column":null}},"18":{"start":{"line":8,"column":33},"end":{"line":6,"column":19}},"19":{"start":{"line":6,"column":19},"end":{"line":6,"column":22}}},"fnMap":{"0":{"name":"(anonymous_1)","decl":{"start":{"line":6,"column":22},"end":{"line":6,"column":28}},"loc":{"start":{"line":6,"column":28},"end":{"line":41,"column":2}}},"1":{"name":"(anonymous_2)","decl":{"start":{"line":7,"column":35},"end":{"line":7,"column":45}},"loc":{"start":{"line":7,"column":45},"end":{"line":7,"column":62}}},"2":{"name":"(anonymous_3)","decl":{"start":{"line":10,"column":25},"end":{"line":10,"column":26}},"loc":{"start":{"line":10,"column":64},"end":{"line":13,"column":null}}},"3":{"name":"(anonymous_4)","decl":{"start":{"line":15,"column":24},"end":{"line":15,"column":31}},"loc":{"start":{"line":15,"column":77},"end":{"line":24,"column":null}}},"4":{"name":"(anonymous_5)","decl":{"start":{"line":17,"column":17},"end":{"line":17,"column":23}},"loc":{"start":{"line":17,"column":23},"end":{"line":21,"column":9}}},"5":{"name":"(anonymous_6)","decl":{"start":{"line":6,"column":19},"end":{"line":6,"column":22}},"loc":{"start":{"line":6,"column":19},"end":{"line":8,"column":null}}}},"branchMap":{"0":{"loc":{"start":{"line":16,"column":4},"end":{"line":23,"column":null}},"type":"if","locations":[{"start":{"line":16,"column":4},"end":{"line":23,"column":null}}]}},"s":{"0":10,"1":18,"2":18,"3":35,"4":18,"5":18,"6":0,"7":0,"8":18,"9":0,"10":0,"11":0,"12":0,"13":0,"14":0,"15":18,"16":10,"17":4,"18":10,"19":10},"f":{"0":18,"1":35,"2":0,"3":0,"4":0,"5":4},"b":{"0":[0]}}
,"/Users/vladimirorlov/Desktop/react-rsschool/rs-react/src/hooks/redux.ts": {"path":"/Users/vladimirorlov/Desktop/react-rsschool/rs-react/src/hooks/redux.ts","statementMap":{"0":{"start":{"line":4,"column":30},"end":{"line":4,"column":null}},"1":{"start":{"line":4,"column":36},"end":{"line":4,"column":null}},"2":{"start":{"line":5,"column":62},"end":{"line":5,"column":null}}},"fnMap":{"0":{"name":"(anonymous_0)","decl":{"start":{"line":4,"column":30},"end":{"line":4,"column":36}},"loc":{"start":{"line":4,"column":36},"end":{"line":4,"column":null}}}},"branchMap":{},"s":{"0":10,"1":80,"2":10},"f":{"0":80},"b":{}}
,"/Users/vladimirorlov/Desktop/react-rsschool/rs-react/src/pages/AboutUsPage/AboutUsPage.test.tsx": {"path":"/Users/vladimirorlov/Desktop/react-rsschool/rs-react/src/pages/AboutUsPage/AboutUsPage.test.tsx","statementMap":{},"fnMap":{},"branchMap":{},"s":{},"f":{},"b":{}}
,"/Users/vladimirorlov/Desktop/react-rsschool/rs-react/src/pages/AboutUsPage/AboutUsPage.tsx": {"path":"/Users/vladimirorlov/Desktop/react-rsschool/rs-react/src/pages/AboutUsPage/AboutUsPage.tsx","statementMap":{"0":{"start":{"line":1,"column":25},"end":{"line":1,"column":null}},"1":{"start":{"line":4,"column":27},"end":{"line":11,"column":2}},"2":{"start":{"line":5,"column":2},"end":{"line":9,"column":null}},"3":{"start":{"line":11,"column":2},"end":{"line":4,"column":24}},"4":{"start":{"line":4,"column":24},"end":{"line":4,"column":27}}},"fnMap":{"0":{"name":"(anonymous_0)","decl":{"start":{"line":1,"column":25},"end":{"line":1,"column":null}},"loc":{"start":{"line":1,"column":25},"end":{"line":1,"column":null}}},"1":{"name":"(anonymous_1)","decl":{"start":{"line":4,"column":27},"end":{"line":4,"column":33}},"loc":{"start":{"line":4,"column":33},"end":{"line":11,"column":2}}}},"branchMap":{"0":{"loc":{"start":{"line":1,"column":25},"end":{"line":1,"column":null}},"type":"if","locations":[{"start":{"line":1,"column":25},"end":{"line":1,"column":null}}]}},"s":{"0":70,"1":10,"2":4,"3":10,"4":10},"f":{"0":10,"1":4},"b":{"0":[10]}}
,"/Users/vladimirorlov/Desktop/react-rsschool/rs-react/src/pages/ErrorPage/ErrorPage.test.tsx": {"path":"/Users/vladimirorlov/Desktop/react-rsschool/rs-react/src/pages/ErrorPage/ErrorPage.test.tsx","statementMap":{},"fnMap":{},"branchMap":{},"s":{},"f":{},"b":{}}
,"/Users/vladimirorlov/Desktop/react-rsschool/rs-react/src/pages/ErrorPage/ErrorPage.tsx": {"path":"/Users/vladimirorlov/Desktop/react-rsschool/rs-react/src/pages/ErrorPage/ErrorPage.tsx","statementMap":{"0":{"start":{"line":1,"column":25},"end":{"line":1,"column":null}},"1":{"start":{"line":5,"column":25},"end":{"line":18,"column":2}},"2":{"start":{"line":6,"column":2},"end":{"line":16,"column":null}},"3":{"start":{"line":18,"column":2},"end":{"line":5,"column":22}},"4":{"start":{"line":5,"column":22},"end":{"line":5,"column":25}}},"fnMap":{"0":{"name":"(anonymous_0)","decl":{"start":{"line":1,"column":25},"end":{"line":1,"column":null}},"loc":{"start":{"line":1,"column":25},"end":{"line":1,"column":null}}},"1":{"name":"(anonymous_1)","decl":{"start":{"line":5,"column":25},"end":{"line":5,"column":31}},"loc":{"start":{"line":5,"column":31},"end":{"line":18,"column":2}}}},"branchMap":{"0":{"loc":{"start":{"line":1,"column":25},"end":{"line":1,"column":null}},"type":"if","locations":[{"start":{"line":1,"column":25},"end":{"line":1,"column":null}}]}},"s":{"0":70,"1":10,"2":4,"3":10,"4":10},"f":{"0":10,"1":4},"b":{"0":[10]}}
,"/Users/vladimirorlov/Desktop/react-rsschool/rs-react/src/pages/FormPage/FormPage.test.tsx": {"path":"/Users/vladimirorlov/Desktop/react-rsschool/rs-react/src/pages/FormPage/FormPage.test.tsx","statementMap":{},"fnMap":{},"branchMap":{},"s":{},"f":{},"b":{}}
,"/Users/vladimirorlov/Desktop/react-rsschool/rs-react/src/pages/FormPage/FormPage.tsx": {"path":"/Users/vladimirorlov/Desktop/react-rsschool/rs-react/src/pages/FormPage/FormPage.tsx","statementMap":{"0":{"start":{"line":9,"column":24},"end":{"line":22,"column":2}},"1":{"start":{"line":9,"column":30},"end":{"line":9,"column":null}},"2":{"start":{"line":10,"column":23},"end":{"line":10,"column":null}},"3":{"start":{"line":10,"column":49},"end":{"line":10,"column":64}},"4":{"start":{"line":11,"column":2},"end":{"line":20,"column":null}},"5":{"start":{"line":17,"column":10},"end":{"line":17,"column":null}},"6":{"start":{"line":22,"column":2},"end":{"line":10,"column":39}},"7":{"start":{"line":9,"column":21},"end":{"line":10,"column":39}},"8":{"start":{"line":10,"column":37},"end":{"line":9,"column":21}},"9":{"start":{"line":9,"column":21},"end":{"line":9,"column":24}}},"fnMap":{"0":{"name":"(anonymous_1)","decl":{"start":{"line":9,"column":24},"end":{"line":9,"column":30}},"loc":{"start":{"line":9,"column":30},"end":{"line":22,"column":2}}},"1":{"name":"(anonymous_2)","decl":{"start":{"line":10,"column":39},"end":{"line":10,"column":49}},"loc":{"start":{"line":10,"column":49},"end":{"line":10,"column":64}}},"2":{"name":"(anonymous_3)","decl":{"start":{"line":16,"column":22},"end":{"line":16,"column":23}},"loc":{"start":{"line":17,"column":10},"end":{"line":17,"column":null}}},"3":{"name":"(anonymous_4)","decl":{"start":{"line":9,"column":21},"end":{"line":9,"column":24}},"loc":{"start":{"line":9,"column":21},"end":{"line":10,"column":39}}}},"branchMap":{},"s":{"0":10,"1":4,"2":4,"3":4,"4":4,"5":0,"6":10,"7":2,"8":10,"9":10},"f":{"0":4,"1":4,"2":0,"3":2},"b":{}}
,"/Users/vladimirorlov/Desktop/react-rsschool/rs-react/src/pages/HomePage/HomePage.test.tsx": {"path":"/Users/vladimirorlov/Desktop/react-rsschool/rs-react/src/pages/HomePage/HomePage.test.tsx","statementMap":{},"fnMap":{},"branchMap":{},"s":{},"f":{},"b":{}}
,"/Users/vladimirorlov/Desktop/react-rsschool/rs-react/src/pages/HomePage/HomePage.tsx": {"path":"/Users/vladimirorlov/Desktop/react-rsschool/rs-react/src/pages/HomePage/HomePage.tsx","statementMap":{"0":{"start":{"line":13,"column":24},"end":{"line":38,"column":2}},"1":{"start":{"line":13,"column":30},"end":{"line":13,"column":null}},"2":{"start":{"line":14,"column":32},"end":{"line":14,"column":null}},"3":{"start":{"line":14,"column":58},"end":{"line":14,"column":75}},"4":{"start":{"line":15,"column":26},"end":{"line":15,"column":null}},"5":{"start":{"line":16,"column":2},"end":{"line":36,"column":null}},"6":{"start":{"line":28,"column":56},"end":{"line":28,"column":84}},"7":{"start":{"line":38,"column":2},"end":{"line":15,"column":63}},"8":{"start":{"line":13,"column":21},"end":{"line":15,"column":63}},"9":{"start":{"line":15,"column":62},"end":{"line":13,"column":21}},"10":{"start":{"line":13,"column":21},"end":{"line":13,"column":24}}},"fnMap":{"0":{"name":"(anonymous_1)","decl":{"start":{"line":13,"column":24},"end":{"line":13,"column":30}},"loc":{"start":{"line":13,"column":30},"end":{"line":38,"column":2}}},"1":{"name":"(anonymous_2)","decl":{"start":{"line":14,"column":48},"end":{"line":14,"column":58}},"loc":{"start":{"line":14,"column":58},"end":{"line":14,"column":75}}},"2":{"name":"(anonymous_3)","decl":{"start":{"line":28,"column":37},"end":{"line":28,"column":38}},"loc":{"start":{"line":28,"column":56},"end":{"line":28,"column":84}}},"3":{"name":"(anonymous_4)","decl":{"start":{"line":13,"column":21},"end":{"line":13,"column":24}},"loc":{"start":{"line":13,"column":21},"end":{"line":15,"column":63}}}},"branchMap":{"0":{"loc":{"start":{"line":25,"column":11},"end":{"line":32,"column":null}},"type":"cond-expr","locations":[{"start":{"line":26,"column":12},"end":{"line":26,"column":null}},{"start":{"line":27,"column":14},"end":{"line":32,"column":null}}]},"1":{"loc":{"start":{"line":27,"column":14},"end":{"line":32,"column":null}},"type":"cond-expr","locations":[{"start":{"line":28,"column":12},"end":{"line":28,"column":null}},{"start":{"line":30,"column":12},"end":{"line":32,"column":null}}]},"2":{"loc":{"start":{"line":28,"column":12},"end":{"line":28,"column":null}},"type":"binary-expr","locations":[{"start":{"line":28,"column":12},"end":{"line":28,"column":20}},{"start":{"line":28,"column":20},"end":{"line":28,"column":null}}]}},"s":{"0":10,"1":18,"2":18,"3":35,"4":18,"5":18,"6":40,"7":10,"8":4,"9":10,"10":10},"f":{"0":18,"1":35,"2":40,"3":4},"b":{"0":[0,18],"1":[18,0],"2":[18,2]}}
,"/Users/vladimirorlov/Desktop/react-rsschool/rs-react/src/store/store.ts": {"path":"/Users/vladimirorlov/Desktop/react-rsschool/rs-react/src/store/store.ts","statementMap":{"0":{"start":{"line":7,"column":14},"end":{"line":15,"column":null}},"1":{"start":{"line":14,"column":40},"end":{"line":14,"column":null}}},"fnMap":{"0":{"name":"(anonymous_0)","decl":{"start":{"line":14,"column":14},"end":{"line":14,"column":15}},"loc":{"start":{"line":14,"column":40},"end":{"line":14,"column":null}}}},"branchMap":{},"s":{"0":10,"1":10},"f":{"0":10},"b":{}}
,"/Users/vladimirorlov/Desktop/react-rsschool/rs-react/src/store/slices/apiSlice.ts": {"path":"/Users/vladimirorlov/Desktop/react-rsschool/rs-react/src/store/slices/apiSlice.ts","statementMap":{"0":{"start":{"line":4,"column":16},"end":{"line":4,"column":null}},"1":{"start":{"line":16,"column":24},"end":{"line":31,"column":null}},"2":{"start":{"line":21,"column":25},"end":{"line":30,"column":null}},"3":{"start":{"line":23,"column":24},"end":{"line":28,"column":null}},"4":{"start":{"line":33,"column":47},"end":{"line":33,"column":null}}},"fnMap":{"0":{"name":"(anonymous_0)","decl":{"start":{"line":21,"column":13},"end":{"line":21,"column":14}},"loc":{"start":{"line":21,"column":25},"end":{"line":30,"column":null}}},"1":{"name":"(anonymous_1)","decl":{"start":{"line":23,"column":13},"end":{"line":23,"column":14}},"loc":{"start":{"line":23,"column":24},"end":{"line":28,"column":null}}}},"branchMap":{},"s":{"0":10,"1":10,"2":10,"3":4,"4":10},"f":{"0":10,"1":4},"b":{}}
,"/Users/vladimirorlov/Desktop/react-rsschool/rs-react/src/store/slices/formSlice.ts": {"path":"/Users/vladimirorlov/Desktop/react-rsschool/rs-react/src/store/slices/formSlice.ts","statementMap":{"0":{"start":{"line":4,"column":18},"end":{"line":14,"column":null}},"1":{"start":{"line":11,"column":6},"end":{"line":11,"column":null}},"2":{"start":{"line":16,"column":31},"end":{"line":16,"column":null}}},"fnMap":{"0":{"name":"(anonymous_0)","decl":{"start":{"line":10,"column":4},"end":{"line":10,"column":16}},"loc":{"start":{"line":10,"column":56},"end":{"line":12,"column":null}}}},"branchMap":{},"s":{"0":10,"1":0,"2":10},"f":{"0":0},"b":{}}
,"/Users/vladimirorlov/Desktop/react-rsschool/rs-react/src/store/slices/modalSlice.ts": {"path":"/Users/vladimirorlov/Desktop/react-rsschool/rs-react/src/store/slices/modalSlice.ts","statementMap":{"0":{"start":{"line":4,"column":19},"end":{"line":18,"column":null}},"1":{"start":{"line":12,"column":6},"end":{"line":12,"column":null}},"2":{"start":{"line":15,"column":6},"end":{"line":15,"column":null}},"3":{"start":{"line":20,"column":50},"end":{"line":20,"column":null}}},"fnMap":{"0":{"name":"(anonymous_0)","decl":{"start":{"line":11,"column":4},"end":{"line":11,"column":17}},"loc":{"start":{"line":11,"column":58},"end":{"line":13,"column":null}}},"1":{"name":"(anonymous_1)","decl":{"start":{"line":14,"column":4},"end":{"line":14,"column":21}},"loc":{"start":{"line":14,"column":60},"end":{"line":16,"column":null}}}},"branchMap":{},"s":{"0":10,"1":0,"2":0,"3":10},"f":{"0":0,"1":0},"b":{}}
,"/Users/vladimirorlov/Desktop/react-rsschool/rs-react/src/store/slices/searchSlice.ts": {"path":"/Users/vladimirorlov/Desktop/react-rsschool/rs-react/src/store/slices/searchSlice.ts","statementMap":{"0":{"start":{"line":3,"column":20},"end":{"line":21,"column":null}},"1":{"start":{"line":12,"column":6},"end":{"line":12,"column":null}},"2":{"start":{"line":15,"column":6},"end":{"line":15,"column":null}},"3":{"start":{"line":18,"column":6},"end":{"line":18,"column":null}},"4":{"start":{"line":23,"column":52},"end":{"line":23,"column":null}}},"fnMap":{"0":{"name":"(anonymous_0)","decl":{"start":{"line":11,"column":4},"end":{"line":11,"column":12}},"loc":{"start":{"line":11,"column":50},"end":{"line":13,"column":null}}},"1":{"name":"(anonymous_1)","decl":{"start":{"line":14,"column":4},"end":{"line":14,"column":14}},"loc":{"start":{"line":14,"column":52},"end":{"line":16,"column":null}}},"2":{"name":"(anonymous_2)","decl":{"start":{"line":17,"column":4},"end":{"line":17,"column":17}},"loc":{"start":{"line":17,"column":56},"end":{"line":19,"column":null}}}},"branchMap":{},"s":{"0":10,"1":0,"2":0,"3":0,"4":10},"f":{"0":0,"1":0,"2":0},"b":{}}
}
