TN:
SF:src/App.test.tsx
FNF:0
FNH:0
LF:0
LH:0
BRF:0
BRH:0
end_of_record
TN:
SF:src/App.tsx
FN:1,(anonymous_0)
FN:9,(anonymous_1)
FNF:2
FNH:2
FNDA:10,(anonymous_0)
FNDA:20,(anonymous_1)
DA:1,70
DA:9,10
DA:10,20
DA:18,10
DA:20,10
LF:5
LH:5
BRDA:1,0,0,10
BRF:1
BRH:1
end_of_record
TN:
SF:src/entry-client.tsx
FNF:0
FNH:0
DA:9,10
DA:10,10
LF:2
LH:2
BRF:0
BRH:0
end_of_record
TN:
SF:src/entry-server.tsx
FNF:0
FNH:0
LF:0
LH:0
BRF:0
BRH:0
end_of_record
TN:
SF:src/index.tsx
FNF:0
FNH:0
LF:0
LH:0
BRF:0
BRH:0
end_of_record
TN:
SF:src/common/data.ts
FNF:0
FNH:0
LF:0
LH:0
BRF:0
BRH:0
end_of_record
TN:
SF:src/common/interface.ts
FNF:0
FNH:0
LF:0
LH:0
BRF:0
BRH:0
end_of_record
TN:
SF:src/components/Card/Card.test.tsx
FNF:0
FNH:0
LF:0
LH:0
BRF:0
BRH:0
end_of_record
TN:
SF:src/components/Card/Card.tsx
FN:7,(anonymous_1)
FN:14,(anonymous_2)
FN:7,(anonymous_3)
FNF:3
FNH:2
FNDA:40,(anonymous_1)
FNDA:0,(anonymous_2)
FNDA:1,(anonymous_3)
DA:7,40
DA:8,40
DA:9,40
DA:10,40
DA:15,0
DA:16,0
DA:24,10
LF:7
LH:5
BRF:0
BRH:0
end_of_record
TN:
SF:src/components/Form/Form.test.tsx
FNF:0
FNH:0
LF:0
LH:0
BRF:0
BRH:0
end_of_record
TN:
SF:src/components/Form/Form.tsx
FN:8,(anonymous_1)
FN:18,(anonymous_2)
FN:8,(anonymous_3)
FNF:3
FNH:2
FNDA:4,(anonymous_1)
FNDA:0,(anonymous_2)
FNDA:2,(anonymous_3)
DA:8,10
DA:9,4
DA:10,4
DA:16,10
DA:18,4
DA:19,0
DA:20,0
DA:32,0
DA:33,0
DA:36,4
DA:144,10
LF:11
LH:7
BRDA:54,0,0,4
BRDA:54,0,1,0
BRDA:77,1,0,4
BRDA:77,1,1,0
BRDA:92,2,0,4
BRDA:92,2,1,0
BRDA:121,3,0,4
BRDA:121,3,1,0
BRDA:122,4,0,4
BRDA:122,4,1,0
BRDA:136,5,0,4
BRDA:136,5,1,0
BRF:12
BRH:6
end_of_record
TN:
SF:src/components/FormCard/FormCard.test.tsx
FNF:0
FNH:0
LF:0
LH:0
BRF:0
BRH:0
end_of_record
TN:
SF:src/components/FormCard/FormCard.tsx
FN:1,(anonymous_0)
FN:5,(anonymous_1)
FNF:2
FNH:1
FNDA:10,(anonymous_0)
FNDA:0,(anonymous_1)
DA:1,70
DA:5,10
DA:6,0
DA:20,10
LF:4
LH:3
BRDA:1,0,0,10
BRF:1
BRH:1
end_of_record
TN:
SF:src/components/Header/Header.tsx
FN:1,(anonymous_0)
FN:6,(anonymous_1)
FNF:2
FNH:2
FNDA:10,(anonymous_0)
FNDA:26,(anonymous_1)
DA:1,70
DA:6,10
DA:7,26
DA:8,26
DA:9,26
DA:10,26
DA:11,26
DA:26,10
LF:8
LH:8
BRDA:1,0,0,10
BRDA:8,1,0,18
BRDA:8,1,1,8
BRDA:9,2,0,4
BRDA:9,2,1,22
BRDA:10,3,0,4
BRDA:10,3,1,22
BRDA:10,4,0,26
BRDA:10,4,1,8
BRF:9
BRH:9
end_of_record
TN:
SF:src/components/Loader/Loader.test.tsx
FNF:0
FNH:0
LF:0
LH:0
BRF:0
BRH:0
end_of_record
TN:
SF:src/components/Loader/Loader.tsx
FN:1,(anonymous_0)
FN:4,(anonymous_1)
FNF:2
FNH:1
FNDA:10,(anonymous_0)
FNDA:0,(anonymous_1)
DA:1,70
DA:4,10
DA:5,0
DA:6,10
DA:8,10
LF:5
LH:4
BRDA:1,0,0,10
BRF:1
BRH:1
end_of_record
TN:
SF:src/components/ModalCard/ModalCard.test.tsx
FNF:0
FNH:0
LF:0
LH:0
BRF:0
BRH:0
end_of_record
TN:
SF:src/components/ModalCard/ModalCard.tsx
FN:5,(anonymous_1)
FN:6,(anonymous_2)
FN:5,(anonymous_3)
FNF:3
FNH:3
FNDA:18,(anonymous_1)
FNDA:35,(anonymous_2)
FNDA:4,(anonymous_3)
DA:5,18
DA:6,35
DA:7,18
DA:8,18
DA:23,10
DA:25,10
LF:6
LH:6
BRF:0
BRH:0
end_of_record
TN:
SF:src/components/ModalWindow/ModalWindow.test.tsx
FNF:0
FNH:0
LF:0
LH:0
BRF:0
BRH:0
end_of_record
TN:
SF:src/components/ModalWindow/ModalWindow.tsx
FN:10,(anonymous_1)
FN:11,(anonymous_2)
FN:15,(anonymous_3)
FN:22,(anonymous_4)
FN:27,(anonymous_5)
FN:30,(anonymous_6)
FN:10,(anonymous_7)
FNF:7
FNH:3
FNDA:18,(anonymous_1)
FNDA:35,(anonymous_2)
FNDA:0,(anonymous_3)
FNDA:0,(anonymous_4)
FNDA:0,(anonymous_5)
FNDA:0,(anonymous_6)
FNDA:4,(anonymous_7)
DA:10,18
DA:11,35
DA:12,18
DA:13,18
DA:15,18
DA:16,0
DA:19,18
DA:23,0
DA:24,0
DA:27,0
DA:31,0
DA:38,10
DA:40,10
LF:13
LH:8
BRDA:13,0,0,0
BRDA:13,0,1,18
BRF:2
BRH:1
end_of_record
TN:
SF:src/components/Search/Search.test.tsx
FNF:0
FNH:0
LF:0
LH:0
BRF:0
BRH:0
end_of_record
TN:
SF:src/components/Search/Search.tsx
FN:6,(anonymous_1)
FN:7,(anonymous_2)
FN:10,(anonymous_3)
FN:15,(anonymous_4)
FN:17,(anonymous_5)
FN:6,(anonymous_6)
FNF:6
FNH:3
FNDA:18,(anonymous_1)
FNDA:35,(anonymous_2)
FNDA:0,(anonymous_3)
FNDA:0,(anonymous_4)
FNDA:0,(anonymous_5)
FNDA:4,(anonymous_6)
DA:6,18
DA:7,35
DA:8,18
DA:10,18
DA:11,0
DA:12,0
DA:15,18
DA:16,0
DA:17,0
DA:18,0
DA:19,0
DA:20,0
DA:22,0
DA:26,18
DA:41,10
LF:15
LH:7
BRDA:16,0,0,0
BRF:1
BRH:0
end_of_record
TN:
SF:src/hooks/redux.ts
FN:4,(anonymous_0)
FNF:1
FNH:1
FNDA:80,(anonymous_0)
DA:4,80
DA:5,10
LF:2
LH:2
BRF:0
BRH:0
end_of_record
TN:
SF:src/pages/AboutUsPage/AboutUsPage.test.tsx
FNF:0
FNH:0
LF:0
LH:0
BRF:0
BRH:0
end_of_record
TN:
SF:src/pages/AboutUsPage/AboutUsPage.tsx
FN:1,(anonymous_0)
FN:4,(anonymous_1)
FNF:2
FNH:2
FNDA:10,(anonymous_0)
FNDA:4,(anonymous_1)
DA:1,70
DA:4,10
DA:5,4
DA:11,10
LF:4
LH:4
BRDA:1,0,0,10
BRF:1
BRH:1
end_of_record
TN:
SF:src/pages/ErrorPage/ErrorPage.test.tsx
FNF:0
FNH:0
LF:0
LH:0
BRF:0
BRH:0
end_of_record
TN:
SF:src/pages/ErrorPage/ErrorPage.tsx
FN:1,(anonymous_0)
FN:5,(anonymous_1)
FNF:2
FNH:2
FNDA:10,(anonymous_0)
FNDA:4,(anonymous_1)
DA:1,70
DA:5,10
DA:6,4
DA:18,10
LF:4
LH:4
BRDA:1,0,0,10
BRF:1
BRH:1
end_of_record
TN:
SF:src/pages/FormPage/FormPage.test.tsx
FNF:0
FNH:0
LF:0
LH:0
BRF:0
BRH:0
end_of_record
TN:
SF:src/pages/FormPage/FormPage.tsx
FN:9,(anonymous_1)
FN:10,(anonymous_2)
FN:16,(anonymous_3)
FN:9,(anonymous_4)
FNF:4
FNH:3
FNDA:4,(anonymous_1)
FNDA:4,(anonymous_2)
FNDA:0,(anonymous_3)
FNDA:2,(anonymous_4)
DA:9,10
DA:10,10
DA:11,4
DA:17,0
DA:22,10
LF:5
LH:4
BRF:0
BRH:0
end_of_record
TN:
SF:src/pages/HomePage/HomePage.test.tsx
FNF:0
FNH:0
LF:0
LH:0
BRF:0
BRH:0
end_of_record
TN:
SF:src/pages/HomePage/HomePage.tsx
FN:13,(anonymous_1)
FN:14,(anonymous_2)
FN:28,(anonymous_3)
FN:13,(anonymous_4)
FNF:4
FNH:4
FNDA:18,(anonymous_1)
FNDA:35,(anonymous_2)
FNDA:40,(anonymous_3)
FNDA:4,(anonymous_4)
DA:13,18
DA:14,35
DA:15,18
DA:16,18
DA:28,40
DA:38,10
LF:6
LH:6
BRDA:25,0,0,0
BRDA:25,0,1,18
BRDA:27,1,0,18
BRDA:27,1,1,0
BRDA:28,2,0,18
BRDA:28,2,1,2
BRF:6
BRH:4
end_of_record
TN:
SF:src/store/store.ts
FN:14,(anonymous_0)
FNF:1
FNH:1
FNDA:10,(anonymous_0)
DA:7,10
DA:14,10
LF:2
LH:2
BRF:0
BRH:0
end_of_record
TN:
SF:src/store/slices/apiSlice.ts
FN:21,(anonymous_0)
FN:23,(anonymous_1)
FNF:2
FNH:2
FNDA:10,(anonymous_0)
FNDA:4,(anonymous_1)
DA:4,10
DA:16,10
DA:21,10
DA:23,4
DA:33,10
LF:5
LH:5
BRF:0
BRH:0
end_of_record
TN:
SF:src/store/slices/formSlice.ts
FN:10,(anonymous_0)
FNF:1
FNH:0
FNDA:0,(anonymous_0)
DA:4,10
DA:11,0
DA:16,10
LF:3
LH:2
BRF:0
BRH:0
end_of_record
TN:
SF:src/store/slices/modalSlice.ts
FN:11,(anonymous_0)
FN:14,(anonymous_1)
FNF:2
FNH:0
FNDA:0,(anonymous_0)
FNDA:0,(anonymous_1)
DA:4,10
DA:12,0
DA:15,0
DA:20,10
LF:4
LH:2
BRF:0
BRH:0
end_of_record
TN:
SF:src/store/slices/searchSlice.ts
FN:11,(anonymous_0)
FN:14,(anonymous_1)
FN:17,(anonymous_2)
FNF:3
FNH:0
FNDA:0,(anonymous_0)
FNDA:0,(anonymous_1)
FNDA:0,(anonymous_2)
DA:3,10
DA:12,0
DA:15,0
DA:18,0
DA:23,10
LF:5
LH:2
BRF:0
BRH:0
end_of_record
