TN:
SF:src/App.test.tsx
FNF:0
FNH:0
LF:0
LH:0
BRF:0
BRH:0
end_of_record
TN:
SF:src/App.tsx
FN:1,(anonymous_0)
FN:9,(anonymous_1)
FNF:2
FNH:2
FNDA:48,(anonymous_0)
FNDA:96,(anonymous_1)
DA:1,336
DA:9,48
DA:10,96
DA:18,48
DA:20,48
LF:5
LH:5
BRDA:1,0,0,48
BRF:1
BRH:1
end_of_record
TN:
SF:src/entry-client.tsx
FNF:0
FNH:0
DA:9,48
DA:10,48
LF:2
LH:2
BRF:0
BRH:0
end_of_record
TN:
SF:src/entry-server.tsx
FNF:0
FNH:0
LF:0
LH:0
BRF:0
BRH:0
end_of_record
TN:
SF:src/index.tsx
FNF:0
FNH:0
LF:0
LH:0
BRF:0
BRH:0
end_of_record
TN:
SF:src/common/data.ts
FNF:0
FNH:0
LF:0
LH:0
BRF:0
BRH:0
end_of_record
TN:
SF:src/common/interface.ts
FNF:0
FNH:0
LF:0
LH:0
BRF:0
BRH:0
end_of_record
TN:
SF:src/components/Card/Card.test.tsx
FNF:0
FNH:0
LF:0
LH:0
BRF:0
BRH:0
end_of_record
TN:
SF:src/components/Card/Card.tsx
FN:7,(anonymous_1)
FN:14,(anonymous_2)
FN:7,(anonymous_3)
FNF:3
FNH:2
FNDA:280,(anonymous_1)
FNDA:0,(anonymous_2)
FNDA:7,(anonymous_3)
DA:7,280
DA:8,280
DA:9,280
DA:10,280
DA:15,0
DA:16,0
DA:24,48
LF:7
LH:5
BRF:0
BRH:0
end_of_record
TN:
SF:src/components/Form/Form.test.tsx
FNF:0
FNH:0
LF:0
LH:0
BRF:0
BRH:0
end_of_record
TN:
SF:src/components/Form/Form.tsx
FN:8,(anonymous_1)
FN:18,(anonymous_2)
FN:8,(anonymous_3)
FNF:3
FNH:2
FNDA:18,(anonymous_1)
FNDA:0,(anonymous_2)
FNDA:9,(anonymous_3)
DA:8,48
DA:9,18
DA:10,18
DA:16,48
DA:18,18
DA:19,0
DA:20,0
DA:32,0
DA:33,0
DA:36,18
DA:142,48
LF:11
LH:7
BRDA:54,0,0,18
BRDA:54,0,1,0
BRDA:77,1,0,18
BRDA:77,1,1,0
BRDA:91,2,0,18
BRDA:91,2,1,0
BRDA:120,3,0,18
BRDA:120,3,1,0
BRDA:121,4,0,18
BRDA:121,4,1,0
BRDA:134,5,0,18
BRDA:134,5,1,0
BRF:12
BRH:6
end_of_record
TN:
SF:src/components/FormCard/FormCard.test.tsx
FNF:0
FNH:0
LF:0
LH:0
BRF:0
BRH:0
end_of_record
TN:
SF:src/components/FormCard/FormCard.tsx
FN:1,(anonymous_0)
FN:5,(anonymous_1)
FNF:2
FNH:1
FNDA:48,(anonymous_0)
FNDA:0,(anonymous_1)
DA:1,336
DA:5,48
DA:6,0
DA:20,48
LF:4
LH:3
BRDA:1,0,0,48
BRF:1
BRH:1
end_of_record
TN:
SF:src/components/Header/Header.tsx
FN:1,(anonymous_0)
FN:6,(anonymous_1)
FNF:2
FNH:2
FNDA:48,(anonymous_0)
FNDA:130,(anonymous_1)
DA:1,336
DA:6,48
DA:7,130
DA:8,130
DA:9,130
DA:10,130
DA:11,130
DA:26,48
LF:8
LH:8
BRDA:1,0,0,48
BRDA:8,1,0,90
BRDA:8,1,1,40
BRDA:9,2,0,22
BRDA:9,2,1,108
BRDA:10,3,0,18
BRDA:10,3,1,112
BRDA:10,4,0,130
BRDA:10,4,1,40
BRF:9
BRH:9
end_of_record
TN:
SF:src/components/Loader/Loader.test.tsx
FNF:0
FNH:0
LF:0
LH:0
BRF:0
BRH:0
end_of_record
TN:
SF:src/components/Loader/Loader.tsx
FN:1,(anonymous_0)
FN:4,(anonymous_1)
FNF:2
FNH:1
FNDA:48,(anonymous_0)
FNDA:0,(anonymous_1)
DA:1,336
DA:4,48
DA:5,0
DA:6,48
DA:8,48
LF:5
LH:4
BRDA:1,0,0,48
BRF:1
BRH:1
end_of_record
TN:
SF:src/components/ModalCard/ModalCard.tsx
FN:5,(anonymous_1)
FN:6,(anonymous_2)
FN:5,(anonymous_3)
FNF:3
FNH:3
FNDA:90,(anonymous_1)
FNDA:173,(anonymous_2)
FNDA:19,(anonymous_3)
DA:5,90
DA:6,173
DA:7,90
DA:8,90
DA:23,48
DA:25,48
LF:6
LH:6
BRF:0
BRH:0
end_of_record
TN:
SF:src/components/ModalWindow/ModalWindow.tsx
FN:10,(anonymous_1)
FN:11,(anonymous_2)
FN:15,(anonymous_3)
FN:22,(anonymous_4)
FN:27,(anonymous_5)
FN:30,(anonymous_6)
FN:10,(anonymous_7)
FNF:7
FNH:3
FNDA:90,(anonymous_1)
FNDA:173,(anonymous_2)
FNDA:0,(anonymous_3)
FNDA:0,(anonymous_4)
FNDA:0,(anonymous_5)
FNDA:0,(anonymous_6)
FNDA:19,(anonymous_7)
DA:10,90
DA:11,173
DA:12,90
DA:13,90
DA:15,90
DA:16,0
DA:19,90
DA:23,0
DA:24,0
DA:27,0
DA:31,0
DA:38,48
DA:40,48
LF:13
LH:8
BRDA:13,0,0,0
BRDA:13,0,1,90
BRF:2
BRH:1
end_of_record
TN:
SF:src/components/Search/Search.test.tsx
FNF:0
FNH:0
LF:0
LH:0
BRF:0
BRH:0
end_of_record
TN:
SF:src/components/Search/Search.tsx
FN:6,(anonymous_1)
FN:7,(anonymous_2)
FN:10,(anonymous_3)
FN:15,(anonymous_4)
FN:17,(anonymous_5)
FN:6,(anonymous_6)
FNF:6
FNH:3
FNDA:90,(anonymous_1)
FNDA:173,(anonymous_2)
FNDA:0,(anonymous_3)
FNDA:0,(anonymous_4)
FNDA:0,(anonymous_5)
FNDA:19,(anonymous_6)
DA:6,90
DA:7,173
DA:8,90
DA:10,90
DA:11,0
DA:12,0
DA:15,90
DA:16,0
DA:17,0
DA:18,0
DA:19,0
DA:20,0
DA:22,0
DA:26,90
DA:41,48
LF:15
LH:7
BRDA:16,0,0,0
BRF:1
BRH:0
end_of_record
TN:
SF:src/hooks/redux.ts
FN:4,(anonymous_0)
FNF:1
FNH:1
FNDA:478,(anonymous_0)
DA:4,478
DA:5,48
LF:2
LH:2
BRF:0
BRH:0
end_of_record
TN:
SF:src/pages/AboutUsPage/AboutUsPage.test.tsx
FNF:0
FNH:0
LF:0
LH:0
BRF:0
BRH:0
end_of_record
TN:
SF:src/pages/AboutUsPage/AboutUsPage.tsx
FN:1,(anonymous_0)
FN:4,(anonymous_1)
FNF:2
FNH:2
FNDA:48,(anonymous_0)
FNDA:22,(anonymous_1)
DA:1,336
DA:4,48
DA:5,22
DA:11,48
LF:4
LH:4
BRDA:1,0,0,48
BRF:1
BRH:1
end_of_record
TN:
SF:src/pages/ErrorPage/ErrorPage.test.tsx
FNF:0
FNH:0
LF:0
LH:0
BRF:0
BRH:0
end_of_record
TN:
SF:src/pages/ErrorPage/ErrorPage.tsx
FN:1,(anonymous_0)
FN:5,(anonymous_1)
FNF:2
FNH:2
FNDA:48,(anonymous_0)
FNDA:18,(anonymous_1)
DA:1,336
DA:5,48
DA:6,18
DA:18,48
LF:4
LH:4
BRDA:1,0,0,48
BRF:1
BRH:1
end_of_record
TN:
SF:src/pages/FormPage/FormPage.test.tsx
FNF:0
FNH:0
LF:0
LH:0
BRF:0
BRH:0
end_of_record
TN:
SF:src/pages/FormPage/FormPage.tsx
FN:9,(anonymous_1)
FN:10,(anonymous_2)
FN:16,(anonymous_3)
FN:9,(anonymous_4)
FNF:4
FNH:3
FNDA:18,(anonymous_1)
FNDA:18,(anonymous_2)
FNDA:0,(anonymous_3)
FNDA:9,(anonymous_4)
DA:9,48
DA:10,48
DA:11,18
DA:17,0
DA:22,48
LF:5
LH:4
BRF:0
BRH:0
end_of_record
TN:
SF:src/pages/HomePage/HomePage.test.tsx
FNF:0
FNH:0
LF:0
LH:0
BRF:0
BRH:0
end_of_record
TN:
SF:src/pages/HomePage/HomePage.tsx
FN:13,(anonymous_1)
FN:14,(anonymous_2)
FN:28,(anonymous_3)
FN:13,(anonymous_4)
FNF:4
FNH:4
FNDA:90,(anonymous_1)
FNDA:173,(anonymous_2)
FNDA:280,(anonymous_3)
FNDA:19,(anonymous_4)
DA:13,90
DA:14,173
DA:15,90
DA:16,90
DA:28,280
DA:38,48
LF:6
LH:6
BRDA:25,0,0,0
BRDA:25,0,1,90
BRDA:27,1,0,90
BRDA:27,1,1,0
BRDA:28,2,0,90
BRDA:28,2,1,14
BRF:6
BRH:4
end_of_record
TN:
SF:src/store/store.ts
FN:14,(anonymous_0)
FNF:1
FNH:1
FNDA:48,(anonymous_0)
DA:7,48
DA:14,48
LF:2
LH:2
BRF:0
BRH:0
end_of_record
TN:
SF:src/store/slices/apiSlice.ts
FN:21,(anonymous_0)
FN:23,(anonymous_1)
FNF:2
FNH:2
FNDA:48,(anonymous_0)
FNDA:19,(anonymous_1)
DA:4,48
DA:16,48
DA:21,48
DA:23,19
DA:33,48
LF:5
LH:5
BRF:0
BRH:0
end_of_record
TN:
SF:src/store/slices/formSlice.ts
FN:10,(anonymous_0)
FNF:1
FNH:0
FNDA:0,(anonymous_0)
DA:4,48
DA:11,0
DA:16,48
LF:3
LH:2
BRF:0
BRH:0
end_of_record
TN:
SF:src/store/slices/modalSlice.ts
FN:11,(anonymous_0)
FN:14,(anonymous_1)
FNF:2
FNH:0
FNDA:0,(anonymous_0)
FNDA:0,(anonymous_1)
DA:4,48
DA:12,0
DA:15,0
DA:20,48
LF:4
LH:2
BRF:0
BRH:0
end_of_record
TN:
SF:src/store/slices/searchSlice.ts
FN:11,(anonymous_0)
FN:14,(anonymous_1)
FN:17,(anonymous_2)
FNF:3
FNH:0
FNDA:0,(anonymous_0)
FNDA:0,(anonymous_1)
FNDA:0,(anonymous_2)
DA:3,48
DA:12,0
DA:15,0
DA:18,0
DA:23,48
LF:5
LH:2
BRF:0
BRH:0
end_of_record
